<?xml version="1.0" encoding="UTF-8"?>
<testsuites name="Buttons" time="130.983" tests="5" failures="0" errors="0">
   <testsuite name="Buttons" tests="5" failures="0" errors="0" time="130.983" skipped="0" timestamp="2023-10-02 23:06:05" hostname="faked - Fakedoor" id="Test Suites/Buttons">
      <properties>
         <property name="deviceName" value=""/>
         <property name="devicePlatform" value=""/>
         <property name="logFolder" value="D:\\Katalon Studio\\UI-tests\\Reports\\20231002_230556\\Buttons\\20231002_230557"/>
         <property name="logFiles" value="D:\\Katalon Studio\\UI-tests\\Reports\\20231002_230556\\Buttons\\20231002_230557\\execution0.log"/>
         <property name="attachments" value=""/>
         <property name="hostName" value="faked - Fakedoor"/>
         <property name="os" value="Windows 11 64bit"/>
         <property name="katalonVersion" value="8.6.8.208"/>
         <property name="browser" value="Chrome 117.0.0.0"/>
         <property name="hostAddress" value="10.6.2.229"/>
         <property name="sessionId" value="7514098024c8745fee6a9f8ca8671d8a"/>
         <property name="seleniumVersion" value="3.141.59"/>
         <property name="proxyInformation" value="ProxyInformation { proxyOption=NO_PROXY, proxyServerType=HTTP, username=, password=********, proxyServerAddress=, proxyServerPort=0, executionList=&quot;&quot;, isApplyToDesiredCapabilities=true }"/>
         <property name="platform" value="Windows 11"/>
      </properties>
      <testcase name="Test Cases/Buttons/Overview" time="59.936" classname="Test Cases/Buttons/Overview" status="PASSED">
         <system-out><![CDATA[2023-10-02 23:06:06 - [TEST_CASE][PASSED] - Test Cases/Buttons/Overview: Test Cases/Buttons/Overview

2023-10-02 23:06:06 - [TEST_STEP][PASSED] - openBrowser(""): Browser is opened with url: ''

2023-10-02 23:06:06 - [MESSAGE][INFO] - Starting 'Chrome' driver

2023-10-02 23:06:06 - [MESSAGE][INFO] - Action delay is set to 0 milliseconds

2023-10-02 23:06:08 - [MESSAGE][PASSED] - Browser is opened with url: ''

2023-10-02 23:06:08 - [TEST_STEP][PASSED] - navigateToUrl("https://delightful-stone-07bb55f0f.3.azurestaticapps.net/"): Navigate to 'https://delightful-stone-07bb55f0f.3.azurestaticapps.net/' successfully

2023-10-02 23:06:10 - [MESSAGE][PASSED] - Navigate to 'https://delightful-stone-07bb55f0f.3.azurestaticapps.net/' successfully

2023-10-02 23:06:10 - [TEST_STEP][PASSED] - maximizeWindow(): Current window maximized

2023-10-02 23:06:11 - [MESSAGE][PASSED] - Current window maximized

2023-10-02 23:06:11 - [TEST_STEP][PASSED] - click(findTestObject("Object Repository/Buttons/Overview/Page_FakeDoor/button_Sign In")): Object: 'Object Repository/Buttons/Overview/Page_FakeDoor/button_Sign In' is clicked on

2023-10-02 23:06:11 - [MESSAGE][PASSED] - Object: 'Object Repository/Buttons/Overview/Page_FakeDoor/button_Sign In' is clicked on

2023-10-02 23:06:11 - [TEST_STEP][PASSED] - setText(findTestObject("Object Repository/Buttons/Overview/Page_FakeDoor/input_User Name_username"), "admin2"): Text 'admin2' is set on object 'Object Repository/Buttons/Overview/Page_FakeDoor/input_User Name_username'

2023-10-02 23:06:13 - [MESSAGE][PASSED] - Text 'admin2' is set on object 'Object Repository/Buttons/Overview/Page_FakeDoor/input_User Name_username'

2023-10-02 23:06:13 - [TEST_STEP][PASSED] - setEncryptedText(findTestObject("Object Repository/Buttons/Overview/Page_FakeDoor/input_Password_password"), "Lm1Albv1LteQ2KmNJoEiNQ=="): Text ****** has been set on object 'Object Repository/Buttons/Overview/Page_FakeDoor/input_Password_password'

2023-10-02 23:06:13 - [MESSAGE][PASSED] - Text ****** has been set on object 'Object Repository/Buttons/Overview/Page_FakeDoor/input_Password_password'

2023-10-02 23:06:13 - [TEST_STEP][PASSED] - click(findTestObject("Object Repository/Buttons/Overview/Page_FakeDoor/button_Login")): Object: 'Object Repository/Buttons/Overview/Page_FakeDoor/button_Login' is clicked on

2023-10-02 23:06:14 - [MESSAGE][PASSED] - Object: 'Object Repository/Buttons/Overview/Page_FakeDoor/button_Login' is clicked on

2023-10-02 23:06:14 - [TEST_STEP][PASSED] - click(findTestObject("Object Repository/Buttons/Overview/Page_FakeDoor/span_Overview")): Object: 'Object Repository/Buttons/Overview/Page_FakeDoor/span_Overview' is clicked on

2023-10-02 23:06:17 - [MESSAGE][PASSED] - Object: 'Object Repository/Buttons/Overview/Page_FakeDoor/span_Overview' is clicked on

2023-10-02 23:06:17 - [TEST_STEP][PASSED] - click(findTestObject("Object Repository/Buttons/Overview/Page_FakeDoor/p_Start Lesson")): Object: 'Object Repository/Buttons/Overview/Page_FakeDoor/p_Start Lesson' is clicked on

2023-10-02 23:06:20 - [MESSAGE][PASSED] - Object: 'Object Repository/Buttons/Overview/Page_FakeDoor/p_Start Lesson' is clicked on

2023-10-02 23:06:20 - [TEST_STEP][PASSED] - click(findTestObject("Object Repository/Buttons/Overview/Page_FakeDoor/img_Back_MuiBox-root mui-style-1f4e7rj")): Object: 'Object Repository/Buttons/Overview/Page_FakeDoor/img_Back_MuiBox-root mui-style-1f4e7rj' is clicked on

2023-10-02 23:06:21 - [MESSAGE][PASSED] - Object: 'Object Repository/Buttons/Overview/Page_FakeDoor/img_Back_MuiBox-root mui-style-1f4e7rj' is clicked on

2023-10-02 23:06:21 - [TEST_STEP][PASSED] - click(findTestObject("Object Repository/Buttons/Overview/Page_FakeDoor/img_Back_MuiBox-root mui-style-1f4e7rj_1")): Object: 'Object Repository/Buttons/Overview/Page_FakeDoor/img_Back_MuiBox-root mui-style-1f4e7rj_1' is clicked on

2023-10-02 23:06:24 - [MESSAGE][PASSED] - Object: 'Object Repository/Buttons/Overview/Page_FakeDoor/img_Back_MuiBox-root mui-style-1f4e7rj_1' is clicked on

2023-10-02 23:06:24 - [TEST_STEP][PASSED] - click(findTestObject("Object Repository/Buttons/Overview/Page_FakeDoor/img_Back_MuiBox-root mui-style-1f4e7rj_1_2")): Object: 'Object Repository/Buttons/Overview/Page_FakeDoor/img_Back_MuiBox-root mui-style-1f4e7rj_1_2' is clicked on

2023-10-02 23:06:27 - [MESSAGE][PASSED] - Object: 'Object Repository/Buttons/Overview/Page_FakeDoor/img_Back_MuiBox-root mui-style-1f4e7rj_1_2' is clicked on

2023-10-02 23:06:27 - [TEST_STEP][PASSED] - click(findTestObject("Object Repository/Buttons/Overview/Page_FakeDoor/img_Back_MuiBox-root mui-style-1f4e7rj_1_2_3")): Object: 'Object Repository/Buttons/Overview/Page_FakeDoor/img_Back_MuiBox-root mui-style-1f4e7rj_1_2_3' is clicked on

2023-10-02 23:06:30 - [MESSAGE][PASSED] - Object: 'Object Repository/Buttons/Overview/Page_FakeDoor/img_Back_MuiBox-root mui-style-1f4e7rj_1_2_3' is clicked on

2023-10-02 23:06:30 - [TEST_STEP][PASSED] - click(findTestObject("Object Repository/Buttons/Overview/Page_FakeDoor/img_Back_MuiBox-root mui-style-1f4e7rj_1_2_3_4")): Object: 'Object Repository/Buttons/Overview/Page_FakeDoor/img_Back_MuiBox-root mui-style-1f4e7rj_1_2_3_4' is clicked on

2023-10-02 23:06:32 - [MESSAGE][PASSED] - Object: 'Object Repository/Buttons/Overview/Page_FakeDoor/img_Back_MuiBox-root mui-style-1f4e7rj_1_2_3_4' is clicked on

2023-10-02 23:06:32 - [TEST_STEP][PASSED] - click(findTestObject("Object Repository/Buttons/Overview/Page_FakeDoor/img_Back_MuiBox-root mui-style-1f4e7rj_1_2_3_4_5")): Object: 'Object Repository/Buttons/Overview/Page_FakeDoor/img_Back_MuiBox-root mui-style-1f4e7rj_1_2_3_4_5' is clicked on

2023-10-02 23:06:39 - [MESSAGE][PASSED] - Object: 'Object Repository/Buttons/Overview/Page_FakeDoor/img_Back_MuiBox-root mui-style-1f4e7rj_1_2_3_4_5' is clicked on

2023-10-02 23:06:39 - [TEST_STEP][PASSED] - click(findTestObject("Object Repository/Buttons/Overview/Page_FakeDoor/img_Back_MuiBox-root mui-style-1f4e7rj_1_2_3_4_5_6")): Object: 'Object Repository/Buttons/Overview/Page_FakeDoor/img_Back_MuiBox-root mui-style-1f4e7rj_1_2_3_4_5_6' is clicked on

2023-10-02 23:06:42 - [MESSAGE][PASSED] - Object: 'Object Repository/Buttons/Overview/Page_FakeDoor/img_Back_MuiBox-root mui-style-1f4e7rj_1_2_3_4_5_6' is clicked on

2023-10-02 23:06:42 - [TEST_STEP][PASSED] - click(findTestObject("Object Repository/Buttons/Overview/Page_FakeDoor/img_Back_MuiBox-root mui-style-1f4e7rj_1_2_3_4_5_6_7")): Object: 'Object Repository/Buttons/Overview/Page_FakeDoor/img_Back_MuiBox-root mui-style-1f4e7rj_1_2_3_4_5_6_7' is clicked on

2023-10-02 23:06:45 - [MESSAGE][PASSED] - Object: 'Object Repository/Buttons/Overview/Page_FakeDoor/img_Back_MuiBox-root mui-style-1f4e7rj_1_2_3_4_5_6_7' is clicked on

2023-10-02 23:06:45 - [TEST_STEP][PASSED] - click(findTestObject("Object Repository/Buttons/Overview/Page_FakeDoor/img_Back_MuiBox-root mui-style-1f4e7rj_1_2_3_4_5_6_7_8")): Object: 'Object Repository/Buttons/Overview/Page_FakeDoor/img_Back_MuiBox-root mui-style-1f4e7rj_1_2_3_4_5_6_7_8' is clicked on

2023-10-02 23:06:48 - [MESSAGE][PASSED] - Object: 'Object Repository/Buttons/Overview/Page_FakeDoor/img_Back_MuiBox-root mui-style-1f4e7rj_1_2_3_4_5_6_7_8' is clicked on

2023-10-02 23:06:48 - [TEST_STEP][PASSED] - click(findTestObject("Object Repository/Buttons/Overview/Page_FakeDoor/button_Back")): Object: 'Object Repository/Buttons/Overview/Page_FakeDoor/button_Back' is clicked on

2023-10-02 23:06:48 - [MESSAGE][PASSED] - Object: 'Object Repository/Buttons/Overview/Page_FakeDoor/button_Back' is clicked on

2023-10-02 23:06:48 - [TEST_STEP][PASSED] - click(findTestObject("Object Repository/Buttons/Overview/Page_FakeDoor/button_Back")): Object: 'Object Repository/Buttons/Overview/Page_FakeDoor/button_Back' is clicked on

2023-10-02 23:06:49 - [MESSAGE][PASSED] - Object: 'Object Repository/Buttons/Overview/Page_FakeDoor/button_Back' is clicked on

2023-10-02 23:06:49 - [TEST_STEP][PASSED] - click(findTestObject("Object Repository/Buttons/Overview/Page_FakeDoor/button_Back")): Object: 'Object Repository/Buttons/Overview/Page_FakeDoor/button_Back' is clicked on

2023-10-02 23:06:50 - [MESSAGE][PASSED] - Object: 'Object Repository/Buttons/Overview/Page_FakeDoor/button_Back' is clicked on

2023-10-02 23:06:50 - [TEST_STEP][PASSED] - click(findTestObject("Object Repository/Buttons/Overview/Page_FakeDoor/button_Back")): Object: 'Object Repository/Buttons/Overview/Page_FakeDoor/button_Back' is clicked on

2023-10-02 23:06:50 - [MESSAGE][PASSED] - Object: 'Object Repository/Buttons/Overview/Page_FakeDoor/button_Back' is clicked on

2023-10-02 23:06:50 - [TEST_STEP][PASSED] - click(findTestObject("Object Repository/Buttons/Overview/Page_FakeDoor/button_Back")): Object: 'Object Repository/Buttons/Overview/Page_FakeDoor/button_Back' is clicked on

2023-10-02 23:06:53 - [MESSAGE][PASSED] - Object: 'Object Repository/Buttons/Overview/Page_FakeDoor/button_Back' is clicked on

2023-10-02 23:06:53 - [TEST_STEP][PASSED] - click(findTestObject("Object Repository/Buttons/Overview/Page_FakeDoor/button_Back")): Object: 'Object Repository/Buttons/Overview/Page_FakeDoor/button_Back' is clicked on

2023-10-02 23:06:54 - [MESSAGE][PASSED] - Object: 'Object Repository/Buttons/Overview/Page_FakeDoor/button_Back' is clicked on

2023-10-02 23:06:54 - [TEST_STEP][PASSED] - click(findTestObject("Object Repository/Buttons/Overview/Page_FakeDoor/button_Back")): Object: 'Object Repository/Buttons/Overview/Page_FakeDoor/button_Back' is clicked on

2023-10-02 23:06:55 - [MESSAGE][PASSED] - Object: 'Object Repository/Buttons/Overview/Page_FakeDoor/button_Back' is clicked on

2023-10-02 23:06:55 - [TEST_STEP][PASSED] - click(findTestObject("Object Repository/Buttons/Overview/Page_FakeDoor/button_Back")): Object: 'Object Repository/Buttons/Overview/Page_FakeDoor/button_Back' is clicked on

2023-10-02 23:06:56 - [MESSAGE][PASSED] - Object: 'Object Repository/Buttons/Overview/Page_FakeDoor/button_Back' is clicked on

2023-10-02 23:06:56 - [TEST_STEP][PASSED] - click(findTestObject("Object Repository/Buttons/Overview/Page_FakeDoor/button_Back")): Object: 'Object Repository/Buttons/Overview/Page_FakeDoor/button_Back' is clicked on

2023-10-02 23:06:57 - [MESSAGE][PASSED] - Object: 'Object Repository/Buttons/Overview/Page_FakeDoor/button_Back' is clicked on

2023-10-02 23:06:57 - [TEST_STEP][PASSED] - click(findTestObject("Object Repository/Buttons/Overview/Page_FakeDoor/button_Back")): Object: 'Object Repository/Buttons/Overview/Page_FakeDoor/button_Back' is clicked on

2023-10-02 23:06:57 - [MESSAGE][PASSED] - Object: 'Object Repository/Buttons/Overview/Page_FakeDoor/button_Back' is clicked on

2023-10-02 23:06:57 - [TEST_STEP][PASSED] - click(findTestObject("Object Repository/Buttons/Overview/Page_FakeDoor/p_Reminder")): Object: 'Object Repository/Buttons/Overview/Page_FakeDoor/p_Reminder' is clicked on

2023-10-02 23:07:00 - [MESSAGE][PASSED] - Object: 'Object Repository/Buttons/Overview/Page_FakeDoor/p_Reminder' is clicked on

2023-10-02 23:07:00 - [TEST_STEP][PASSED] - click(findTestObject("Object Repository/Buttons/Overview/Page_FakeDoor/span_Overview")): Object: 'Object Repository/Buttons/Overview/Page_FakeDoor/span_Overview' is clicked on

2023-10-02 23:07:00 - [MESSAGE][PASSED] - Object: 'Object Repository/Buttons/Overview/Page_FakeDoor/span_Overview' is clicked on

2023-10-02 23:07:00 - [TEST_STEP][PASSED] - click(findTestObject("Object Repository/Buttons/Overview/Page_FakeDoor/p_Reminder")): Object: 'Object Repository/Buttons/Overview/Page_FakeDoor/p_Reminder' is clicked on

2023-10-02 23:07:03 - [MESSAGE][PASSED] - Object: 'Object Repository/Buttons/Overview/Page_FakeDoor/p_Reminder' is clicked on

2023-10-02 23:07:03 - [TEST_STEP][PASSED] - click(findTestObject("Object Repository/Buttons/Overview/Page_FakeDoor/span_Overview")): Object: 'Object Repository/Buttons/Overview/Page_FakeDoor/span_Overview' is clicked on

2023-10-02 23:07:04 - [MESSAGE][PASSED] - Object: 'Object Repository/Buttons/Overview/Page_FakeDoor/span_Overview' is clicked on

2023-10-02 23:07:04 - [TEST_STEP][PASSED] - click(findTestObject("Object Repository/Buttons/Overview/Page_FakeDoor/button_Overview_MuiButtonBase-root MuiIconB_eec332")): Object: 'Object Repository/Buttons/Overview/Page_FakeDoor/button_Overview_MuiButtonBase-root MuiIconB_eec332' is clicked on

2023-10-02 23:07:04 - [MESSAGE][PASSED] - Object: 'Object Repository/Buttons/Overview/Page_FakeDoor/button_Overview_MuiButtonBase-root MuiIconB_eec332' is clicked on

2023-10-02 23:07:04 - [TEST_STEP][PASSED] - click(findTestObject("Object Repository/Buttons/Overview/Page_FakeDoor/span_Logout")): Object: 'Object Repository/Buttons/Overview/Page_FakeDoor/span_Logout' is clicked on

2023-10-02 23:07:05 - [MESSAGE][PASSED] - Object: 'Object Repository/Buttons/Overview/Page_FakeDoor/span_Logout' is clicked on

2023-10-02 23:07:05 - [TEST_STEP][PASSED] - closeBrowser(): Browser is closed

2023-10-02 23:07:05 - [MESSAGE][PASSED] - Browser is closed]]></system-out>
         <system-err><![CDATA[]]></system-err>
      </testcase>
      <testcase name="Test Cases/Buttons/Profile" time="20.069" classname="Test Cases/Buttons/Profile" status="PASSED">
         <system-out><![CDATA[2023-10-02 23:07:05 - [TEST_CASE][PASSED] - Test Cases/Buttons/Profile: Test Cases/Buttons/Profile

2023-10-02 23:07:06 - [TEST_STEP][PASSED] - openBrowser(""): Browser is opened with url: ''

2023-10-02 23:07:06 - [MESSAGE][INFO] - Starting 'Chrome' driver

2023-10-02 23:07:06 - [MESSAGE][INFO] - Action delay is set to 0 milliseconds

2023-10-02 23:07:07 - [MESSAGE][PASSED] - Browser is opened with url: ''

2023-10-02 23:07:07 - [TEST_STEP][PASSED] - navigateToUrl("https://delightful-stone-07bb55f0f.3.azurestaticapps.net/"): Navigate to 'https://delightful-stone-07bb55f0f.3.azurestaticapps.net/' successfully

2023-10-02 23:07:08 - [MESSAGE][PASSED] - Navigate to 'https://delightful-stone-07bb55f0f.3.azurestaticapps.net/' successfully

2023-10-02 23:07:08 - [TEST_STEP][PASSED] - maximizeWindow(): Current window maximized

2023-10-02 23:07:08 - [MESSAGE][PASSED] - Current window maximized

2023-10-02 23:07:08 - [TEST_STEP][PASSED] - click(findTestObject("Object Repository/Buttons/Profile/Page_FakeDoor/button_Sign In")): Object: 'Object Repository/Buttons/Profile/Page_FakeDoor/button_Sign In' is clicked on

2023-10-02 23:07:08 - [MESSAGE][PASSED] - Object: 'Object Repository/Buttons/Profile/Page_FakeDoor/button_Sign In' is clicked on

2023-10-02 23:07:08 - [TEST_STEP][PASSED] - setText(findTestObject("Object Repository/Buttons/Profile/Page_FakeDoor/input_User Name_username"), "admin2"): Text 'admin2' is set on object 'Object Repository/Buttons/Profile/Page_FakeDoor/input_User Name_username'

2023-10-02 23:07:10 - [MESSAGE][PASSED] - Text 'admin2' is set on object 'Object Repository/Buttons/Profile/Page_FakeDoor/input_User Name_username'

2023-10-02 23:07:10 - [TEST_STEP][PASSED] - setEncryptedText(findTestObject("Object Repository/Buttons/Profile/Page_FakeDoor/input_Password_password"), "Lm1Albv1LteQ2KmNJoEiNQ=="): Text ****** has been set on object 'Object Repository/Buttons/Profile/Page_FakeDoor/input_Password_password'

2023-10-02 23:07:11 - [MESSAGE][PASSED] - Text ****** has been set on object 'Object Repository/Buttons/Profile/Page_FakeDoor/input_Password_password'

2023-10-02 23:07:11 - [TEST_STEP][PASSED] - click(findTestObject("Object Repository/Buttons/Profile/Page_FakeDoor/button_Login")): Object: 'Object Repository/Buttons/Profile/Page_FakeDoor/button_Login' is clicked on

2023-10-02 23:07:11 - [MESSAGE][PASSED] - Object: 'Object Repository/Buttons/Profile/Page_FakeDoor/button_Login' is clicked on

2023-10-02 23:07:11 - [TEST_STEP][PASSED] - click(findTestObject("Object Repository/Buttons/Profile/Page_FakeDoor/button_Day")): Object: 'Object Repository/Buttons/Profile/Page_FakeDoor/button_Day' is clicked on

2023-10-02 23:07:14 - [MESSAGE][PASSED] - Object: 'Object Repository/Buttons/Profile/Page_FakeDoor/button_Day' is clicked on

2023-10-02 23:07:14 - [TEST_STEP][PASSED] - click(findTestObject("Object Repository/Buttons/Profile/Page_FakeDoor/button_Week")): Object: 'Object Repository/Buttons/Profile/Page_FakeDoor/button_Week' is clicked on

2023-10-02 23:07:14 - [MESSAGE][PASSED] - Object: 'Object Repository/Buttons/Profile/Page_FakeDoor/button_Week' is clicked on

2023-10-02 23:07:14 - [TEST_STEP][PASSED] - click(findTestObject("Object Repository/Buttons/Profile/Page_FakeDoor/p_SUN")): Object: 'Object Repository/Buttons/Profile/Page_FakeDoor/p_SUN' is clicked on

2023-10-02 23:07:15 - [MESSAGE][PASSED] - Object: 'Object Repository/Buttons/Profile/Page_FakeDoor/p_SUN' is clicked on

2023-10-02 23:07:15 - [TEST_STEP][PASSED] - click(findTestObject("Object Repository/Buttons/Profile/Page_FakeDoor/button_Week")): Object: 'Object Repository/Buttons/Profile/Page_FakeDoor/button_Week' is clicked on

2023-10-02 23:07:15 - [MESSAGE][PASSED] - Object: 'Object Repository/Buttons/Profile/Page_FakeDoor/button_Week' is clicked on

2023-10-02 23:07:15 - [TEST_STEP][PASSED] - click(findTestObject("Object Repository/Buttons/Profile/Page_FakeDoor/p_MON")): Object: 'Object Repository/Buttons/Profile/Page_FakeDoor/p_MON' is clicked on

2023-10-02 23:07:16 - [MESSAGE][PASSED] - Object: 'Object Repository/Buttons/Profile/Page_FakeDoor/p_MON' is clicked on

2023-10-02 23:07:16 - [TEST_STEP][PASSED] - click(findTestObject("Object Repository/Buttons/Profile/Page_FakeDoor/button_Week")): Object: 'Object Repository/Buttons/Profile/Page_FakeDoor/button_Week' is clicked on

2023-10-02 23:07:17 - [MESSAGE][PASSED] - Object: 'Object Repository/Buttons/Profile/Page_FakeDoor/button_Week' is clicked on

2023-10-02 23:07:17 - [TEST_STEP][PASSED] - click(findTestObject("Object Repository/Buttons/Profile/Page_FakeDoor/p_TUE")): Object: 'Object Repository/Buttons/Profile/Page_FakeDoor/p_TUE' is clicked on

2023-10-02 23:07:17 - [MESSAGE][PASSED] - Object: 'Object Repository/Buttons/Profile/Page_FakeDoor/p_TUE' is clicked on

2023-10-02 23:07:17 - [TEST_STEP][PASSED] - click(findTestObject("Object Repository/Buttons/Profile/Page_FakeDoor/button_Week")): Object: 'Object Repository/Buttons/Profile/Page_FakeDoor/button_Week' is clicked on

2023-10-02 23:07:18 - [MESSAGE][PASSED] - Object: 'Object Repository/Buttons/Profile/Page_FakeDoor/button_Week' is clicked on

2023-10-02 23:07:18 - [TEST_STEP][PASSED] - click(findTestObject("Object Repository/Buttons/Profile/Page_FakeDoor/p_WED")): Object: 'Object Repository/Buttons/Profile/Page_FakeDoor/p_WED' is clicked on

2023-10-02 23:07:18 - [MESSAGE][PASSED] - Object: 'Object Repository/Buttons/Profile/Page_FakeDoor/p_WED' is clicked on

2023-10-02 23:07:18 - [TEST_STEP][PASSED] - click(findTestObject("Object Repository/Buttons/Profile/Page_FakeDoor/button_Week")): Object: 'Object Repository/Buttons/Profile/Page_FakeDoor/button_Week' is clicked on

2023-10-02 23:07:19 - [MESSAGE][PASSED] - Object: 'Object Repository/Buttons/Profile/Page_FakeDoor/button_Week' is clicked on

2023-10-02 23:07:19 - [TEST_STEP][PASSED] - click(findTestObject("Object Repository/Buttons/Profile/Page_FakeDoor/p_THU")): Object: 'Object Repository/Buttons/Profile/Page_FakeDoor/p_THU' is clicked on

2023-10-02 23:07:19 - [MESSAGE][PASSED] - Object: 'Object Repository/Buttons/Profile/Page_FakeDoor/p_THU' is clicked on

2023-10-02 23:07:19 - [TEST_STEP][PASSED] - click(findTestObject("Object Repository/Buttons/Profile/Page_FakeDoor/button_Week")): Object: 'Object Repository/Buttons/Profile/Page_FakeDoor/button_Week' is clicked on

2023-10-02 23:07:20 - [MESSAGE][PASSED] - Object: 'Object Repository/Buttons/Profile/Page_FakeDoor/button_Week' is clicked on

2023-10-02 23:07:20 - [TEST_STEP][PASSED] - click(findTestObject("Object Repository/Buttons/Profile/Page_FakeDoor/p_FRI")): Object: 'Object Repository/Buttons/Profile/Page_FakeDoor/p_FRI' is clicked on

2023-10-02 23:07:20 - [MESSAGE][PASSED] - Object: 'Object Repository/Buttons/Profile/Page_FakeDoor/p_FRI' is clicked on

2023-10-02 23:07:20 - [TEST_STEP][PASSED] - click(findTestObject("Object Repository/Buttons/Profile/Page_FakeDoor/button_Week")): Object: 'Object Repository/Buttons/Profile/Page_FakeDoor/button_Week' is clicked on

2023-10-02 23:07:21 - [MESSAGE][PASSED] - Object: 'Object Repository/Buttons/Profile/Page_FakeDoor/button_Week' is clicked on

2023-10-02 23:07:21 - [TEST_STEP][PASSED] - click(findTestObject("Object Repository/Buttons/Profile/Page_FakeDoor/p_SAT")): Object: 'Object Repository/Buttons/Profile/Page_FakeDoor/p_SAT' is clicked on

2023-10-02 23:07:21 - [MESSAGE][PASSED] - Object: 'Object Repository/Buttons/Profile/Page_FakeDoor/p_SAT' is clicked on

2023-10-02 23:07:21 - [TEST_STEP][PASSED] - click(findTestObject("Object Repository/Buttons/Profile/Page_FakeDoor/button_Month")): Object: 'Object Repository/Buttons/Profile/Page_FakeDoor/button_Month' is clicked on

2023-10-02 23:07:22 - [MESSAGE][PASSED] - Object: 'Object Repository/Buttons/Profile/Page_FakeDoor/button_Month' is clicked on

2023-10-02 23:07:22 - [TEST_STEP][PASSED] - click(findTestObject("Object Repository/Buttons/Profile/Page_FakeDoor/button_Continue")): Object: 'Object Repository/Buttons/Profile/Page_FakeDoor/button_Continue' is clicked on

2023-10-02 23:07:23 - [MESSAGE][PASSED] - Object: 'Object Repository/Buttons/Profile/Page_FakeDoor/button_Continue' is clicked on

2023-10-02 23:07:23 - [TEST_STEP][PASSED] - click(findTestObject("Object Repository/Buttons/Profile/Page_FakeDoor/button_Back")): Object: 'Object Repository/Buttons/Profile/Page_FakeDoor/button_Back' is clicked on

2023-10-02 23:07:24 - [MESSAGE][PASSED] - Object: 'Object Repository/Buttons/Profile/Page_FakeDoor/button_Back' is clicked on

2023-10-02 23:07:24 - [TEST_STEP][PASSED] - click(findTestObject("Object Repository/Buttons/Profile/Page_FakeDoor/button_Overview_MuiButtonBase-root MuiIconB_eec332")): Object: 'Object Repository/Buttons/Profile/Page_FakeDoor/button_Overview_MuiButtonBase-root MuiIconB_eec332' is clicked on

2023-10-02 23:07:24 - [MESSAGE][PASSED] - Object: 'Object Repository/Buttons/Profile/Page_FakeDoor/button_Overview_MuiButtonBase-root MuiIconB_eec332' is clicked on

2023-10-02 23:07:24 - [TEST_STEP][PASSED] - click(findTestObject("Object Repository/Buttons/Profile/Page_FakeDoor/span_Logout")): Object: 'Object Repository/Buttons/Profile/Page_FakeDoor/span_Logout' is clicked on

2023-10-02 23:07:25 - [MESSAGE][PASSED] - Object: 'Object Repository/Buttons/Profile/Page_FakeDoor/span_Logout' is clicked on

2023-10-02 23:07:25 - [TEST_STEP][PASSED] - closeBrowser(): Browser is closed

2023-10-02 23:07:26 - [MESSAGE][PASSED] - Browser is closed]]></system-out>
         <system-err><![CDATA[]]></system-err>
      </testcase>
      <testcase name="Test Cases/Buttons/Progress" time="22.5" classname="Test Cases/Buttons/Progress" status="PASSED">
         <system-out><![CDATA[2023-10-02 23:07:26 - [TEST_CASE][PASSED] - Test Cases/Buttons/Progress: Test Cases/Buttons/Progress

2023-10-02 23:07:26 - [TEST_STEP][PASSED] - openBrowser(""): Browser is opened with url: ''

2023-10-02 23:07:26 - [MESSAGE][INFO] - Starting 'Chrome' driver

2023-10-02 23:07:26 - [MESSAGE][INFO] - Action delay is set to 0 milliseconds

2023-10-02 23:07:27 - [MESSAGE][PASSED] - Browser is opened with url: ''

2023-10-02 23:07:27 - [TEST_STEP][PASSED] - navigateToUrl("https://delightful-stone-07bb55f0f.3.azurestaticapps.net/"): Navigate to 'https://delightful-stone-07bb55f0f.3.azurestaticapps.net/' successfully

2023-10-02 23:07:28 - [MESSAGE][PASSED] - Navigate to 'https://delightful-stone-07bb55f0f.3.azurestaticapps.net/' successfully

2023-10-02 23:07:28 - [TEST_STEP][PASSED] - maximizeWindow(): Current window maximized

2023-10-02 23:07:28 - [MESSAGE][PASSED] - Current window maximized

2023-10-02 23:07:28 - [TEST_STEP][PASSED] - click(findTestObject("Object Repository/Buttons/Progress/Page_FakeDoor/button_Sign In")): Object: 'Object Repository/Buttons/Progress/Page_FakeDoor/button_Sign In' is clicked on

2023-10-02 23:07:28 - [MESSAGE][PASSED] - Object: 'Object Repository/Buttons/Progress/Page_FakeDoor/button_Sign In' is clicked on

2023-10-02 23:07:28 - [TEST_STEP][PASSED] - setText(findTestObject("Object Repository/Buttons/Progress/Page_FakeDoor/input_User Name_username"), "admin2"): Text 'admin2' is set on object 'Object Repository/Buttons/Progress/Page_FakeDoor/input_User Name_username'

2023-10-02 23:07:30 - [MESSAGE][PASSED] - Text 'admin2' is set on object 'Object Repository/Buttons/Progress/Page_FakeDoor/input_User Name_username'

2023-10-02 23:07:30 - [TEST_STEP][PASSED] - setEncryptedText(findTestObject("Object Repository/Buttons/Progress/Page_FakeDoor/input_Password_password"), "Lm1Albv1LteQ2KmNJoEiNQ=="): Text ****** has been set on object 'Object Repository/Buttons/Progress/Page_FakeDoor/input_Password_password'

2023-10-02 23:07:30 - [MESSAGE][PASSED] - Text ****** has been set on object 'Object Repository/Buttons/Progress/Page_FakeDoor/input_Password_password'

2023-10-02 23:07:30 - [TEST_STEP][PASSED] - click(findTestObject("Object Repository/Buttons/Progress/Page_FakeDoor/button_Login")): Object: 'Object Repository/Buttons/Progress/Page_FakeDoor/button_Login' is clicked on

2023-10-02 23:07:31 - [MESSAGE][PASSED] - Object: 'Object Repository/Buttons/Progress/Page_FakeDoor/button_Login' is clicked on

2023-10-02 23:07:31 - [TEST_STEP][PASSED] - click(findTestObject("Object Repository/Buttons/Progress/Page_FakeDoor/span_Progress")): Object: 'Object Repository/Buttons/Progress/Page_FakeDoor/span_Progress' is clicked on

2023-10-02 23:07:33 - [MESSAGE][PASSED] - Object: 'Object Repository/Buttons/Progress/Page_FakeDoor/span_Progress' is clicked on

2023-10-02 23:07:33 - [TEST_STEP][PASSED] - click(findTestObject("Object Repository/Buttons/Progress/Page_FakeDoor/span_Physics")): Object: 'Object Repository/Buttons/Progress/Page_FakeDoor/span_Physics' is clicked on

2023-10-02 23:07:34 - [MESSAGE][PASSED] - Object: 'Object Repository/Buttons/Progress/Page_FakeDoor/span_Physics' is clicked on

2023-10-02 23:07:34 - [TEST_STEP][PASSED] - click(findTestObject("Object Repository/Buttons/Progress/Page_FakeDoor/p_4.1 Energy")): Object: 'Object Repository/Buttons/Progress/Page_FakeDoor/p_4.1 Energy' is clicked on

2023-10-02 23:07:35 - [MESSAGE][PASSED] - Object: 'Object Repository/Buttons/Progress/Page_FakeDoor/p_4.1 Energy' is clicked on

2023-10-02 23:07:35 - [TEST_STEP][PASSED] - click(findTestObject("Object Repository/Buttons/Progress/Page_FakeDoor/img")): Object: 'Object Repository/Buttons/Progress/Page_FakeDoor/img' is clicked on

2023-10-02 23:07:36 - [MESSAGE][PASSED] - Object: 'Object Repository/Buttons/Progress/Page_FakeDoor/img' is clicked on

2023-10-02 23:07:36 - [TEST_STEP][PASSED] - click(findTestObject("Object Repository/Buttons/Progress/Page_FakeDoor/p_4.2 Electricity")): Object: 'Object Repository/Buttons/Progress/Page_FakeDoor/p_4.2 Electricity' is clicked on

2023-10-02 23:07:36 - [MESSAGE][PASSED] - Object: 'Object Repository/Buttons/Progress/Page_FakeDoor/p_4.2 Electricity' is clicked on

2023-10-02 23:07:36 - [TEST_STEP][PASSED] - click(findTestObject("Object Repository/Buttons/Progress/Page_FakeDoor/img")): Object: 'Object Repository/Buttons/Progress/Page_FakeDoor/img' is clicked on

2023-10-02 23:07:37 - [MESSAGE][PASSED] - Object: 'Object Repository/Buttons/Progress/Page_FakeDoor/img' is clicked on

2023-10-02 23:07:37 - [TEST_STEP][PASSED] - click(findTestObject("Object Repository/Buttons/Progress/Page_FakeDoor/p_4.3 Particle model of matter")): Object: 'Object Repository/Buttons/Progress/Page_FakeDoor/p_4.3 Particle model of matter' is clicked on

2023-10-02 23:07:37 - [MESSAGE][PASSED] - Object: 'Object Repository/Buttons/Progress/Page_FakeDoor/p_4.3 Particle model of matter' is clicked on

2023-10-02 23:07:37 - [TEST_STEP][PASSED] - click(findTestObject("Object Repository/Buttons/Progress/Page_FakeDoor/img")): Object: 'Object Repository/Buttons/Progress/Page_FakeDoor/img' is clicked on

2023-10-02 23:07:38 - [MESSAGE][PASSED] - Object: 'Object Repository/Buttons/Progress/Page_FakeDoor/img' is clicked on

2023-10-02 23:07:38 - [TEST_STEP][PASSED] - click(findTestObject("Object Repository/Buttons/Progress/Page_FakeDoor/p_4.4 Atomic Structure")): Object: 'Object Repository/Buttons/Progress/Page_FakeDoor/p_4.4 Atomic Structure' is clicked on

2023-10-02 23:07:38 - [MESSAGE][PASSED] - Object: 'Object Repository/Buttons/Progress/Page_FakeDoor/p_4.4 Atomic Structure' is clicked on

2023-10-02 23:07:38 - [TEST_STEP][PASSED] - click(findTestObject("Object Repository/Buttons/Progress/Page_FakeDoor/img")): Object: 'Object Repository/Buttons/Progress/Page_FakeDoor/img' is clicked on

2023-10-02 23:07:39 - [MESSAGE][PASSED] - Object: 'Object Repository/Buttons/Progress/Page_FakeDoor/img' is clicked on

2023-10-02 23:07:39 - [TEST_STEP][PASSED] - click(findTestObject("Object Repository/Buttons/Progress/Page_FakeDoor/p_4.5 Forces")): Object: 'Object Repository/Buttons/Progress/Page_FakeDoor/p_4.5 Forces' is clicked on

2023-10-02 23:07:39 - [MESSAGE][PASSED] - Object: 'Object Repository/Buttons/Progress/Page_FakeDoor/p_4.5 Forces' is clicked on

2023-10-02 23:07:39 - [TEST_STEP][PASSED] - click(findTestObject("Object Repository/Buttons/Progress/Page_FakeDoor/img")): Object: 'Object Repository/Buttons/Progress/Page_FakeDoor/img' is clicked on

2023-10-02 23:07:40 - [MESSAGE][PASSED] - Object: 'Object Repository/Buttons/Progress/Page_FakeDoor/img' is clicked on

2023-10-02 23:07:40 - [TEST_STEP][PASSED] - click(findTestObject("Object Repository/Buttons/Progress/Page_FakeDoor/p_4.6 Waves")): Object: 'Object Repository/Buttons/Progress/Page_FakeDoor/p_4.6 Waves' is clicked on

2023-10-02 23:07:43 - [MESSAGE][PASSED] - Object: 'Object Repository/Buttons/Progress/Page_FakeDoor/p_4.6 Waves' is clicked on

2023-10-02 23:07:43 - [TEST_STEP][PASSED] - click(findTestObject("Object Repository/Buttons/Progress/Page_FakeDoor/img")): Object: 'Object Repository/Buttons/Progress/Page_FakeDoor/img' is clicked on

2023-10-02 23:07:43 - [MESSAGE][PASSED] - Object: 'Object Repository/Buttons/Progress/Page_FakeDoor/img' is clicked on

2023-10-02 23:07:43 - [TEST_STEP][PASSED] - click(findTestObject("Object Repository/Buttons/Progress/Page_FakeDoor/p_4.7 Magnetism and electromagnetism")): Object: 'Object Repository/Buttons/Progress/Page_FakeDoor/p_4.7 Magnetism and electromagnetism' is clicked on

2023-10-02 23:07:44 - [MESSAGE][PASSED] - Object: 'Object Repository/Buttons/Progress/Page_FakeDoor/p_4.7 Magnetism and electromagnetism' is clicked on

2023-10-02 23:07:44 - [TEST_STEP][PASSED] - click(findTestObject("Object Repository/Buttons/Progress/Page_FakeDoor/img")): Object: 'Object Repository/Buttons/Progress/Page_FakeDoor/img' is clicked on

2023-10-02 23:07:44 - [MESSAGE][PASSED] - Object: 'Object Repository/Buttons/Progress/Page_FakeDoor/img' is clicked on

2023-10-02 23:07:44 - [TEST_STEP][PASSED] - click(findTestObject("Object Repository/Buttons/Progress/Page_FakeDoor/p_4.8 Space physics")): Object: 'Object Repository/Buttons/Progress/Page_FakeDoor/p_4.8 Space physics' is clicked on

2023-10-02 23:07:45 - [MESSAGE][PASSED] - Object: 'Object Repository/Buttons/Progress/Page_FakeDoor/p_4.8 Space physics' is clicked on

2023-10-02 23:07:45 - [TEST_STEP][PASSED] - click(findTestObject("Object Repository/Buttons/Progress/Page_FakeDoor/img")): Object: 'Object Repository/Buttons/Progress/Page_FakeDoor/img' is clicked on

2023-10-02 23:07:45 - [MESSAGE][PASSED] - Object: 'Object Repository/Buttons/Progress/Page_FakeDoor/img' is clicked on

2023-10-02 23:07:45 - [TEST_STEP][PASSED] - click(findTestObject("Object Repository/Buttons/Progress/Page_FakeDoor/p_4.9 Key Ideas")): Object: 'Object Repository/Buttons/Progress/Page_FakeDoor/p_4.9 Key Ideas' is clicked on

2023-10-02 23:07:46 - [MESSAGE][PASSED] - Object: 'Object Repository/Buttons/Progress/Page_FakeDoor/p_4.9 Key Ideas' is clicked on

2023-10-02 23:07:46 - [TEST_STEP][PASSED] - click(findTestObject("Object Repository/Buttons/Progress/Page_FakeDoor/img")): Object: 'Object Repository/Buttons/Progress/Page_FakeDoor/img' is clicked on

2023-10-02 23:07:46 - [MESSAGE][PASSED] - Object: 'Object Repository/Buttons/Progress/Page_FakeDoor/img' is clicked on

2023-10-02 23:07:46 - [TEST_STEP][PASSED] - click(findTestObject("Object Repository/Buttons/Progress/Page_FakeDoor/button_Week")): Object: 'Object Repository/Buttons/Progress/Page_FakeDoor/button_Week' is clicked on

2023-10-02 23:07:47 - [MESSAGE][PASSED] - Object: 'Object Repository/Buttons/Progress/Page_FakeDoor/button_Week' is clicked on

2023-10-02 23:07:47 - [TEST_STEP][PASSED] - click(findTestObject("Object Repository/Buttons/Progress/Page_FakeDoor/button_Month")): Object: 'Object Repository/Buttons/Progress/Page_FakeDoor/button_Month' is clicked on

2023-10-02 23:07:47 - [MESSAGE][PASSED] - Object: 'Object Repository/Buttons/Progress/Page_FakeDoor/button_Month' is clicked on

2023-10-02 23:07:47 - [TEST_STEP][PASSED] - closeBrowser(): Browser is closed

2023-10-02 23:07:48 - [MESSAGE][PASSED] - Browser is closed]]></system-out>
         <system-err><![CDATA[]]></system-err>
      </testcase>
      <testcase name="Test Cases/Buttons/Settings" time="12.89" classname="Test Cases/Buttons/Settings" status="PASSED">
         <system-out><![CDATA[2023-10-02 23:07:48 - [TEST_CASE][PASSED] - Test Cases/Buttons/Settings: Test Cases/Buttons/Settings

2023-10-02 23:07:48 - [TEST_STEP][PASSED] - openBrowser(""): Browser is opened with url: ''

2023-10-02 23:07:48 - [MESSAGE][INFO] - Starting 'Chrome' driver

2023-10-02 23:07:48 - [MESSAGE][INFO] - Action delay is set to 0 milliseconds

2023-10-02 23:07:49 - [MESSAGE][PASSED] - Browser is opened with url: ''

2023-10-02 23:07:49 - [TEST_STEP][PASSED] - navigateToUrl("https://delightful-stone-07bb55f0f.3.azurestaticapps.net/"): Navigate to 'https://delightful-stone-07bb55f0f.3.azurestaticapps.net/' successfully

2023-10-02 23:07:50 - [MESSAGE][PASSED] - Navigate to 'https://delightful-stone-07bb55f0f.3.azurestaticapps.net/' successfully

2023-10-02 23:07:50 - [TEST_STEP][PASSED] - maximizeWindow(): Current window maximized

2023-10-02 23:07:50 - [MESSAGE][PASSED] - Current window maximized

2023-10-02 23:07:50 - [TEST_STEP][PASSED] - click(findTestObject("Object Repository/Buttons/Settings/Page_FakeDoor/button_Sign In")): Object: 'Object Repository/Buttons/Settings/Page_FakeDoor/button_Sign In' is clicked on

2023-10-02 23:07:51 - [MESSAGE][PASSED] - Object: 'Object Repository/Buttons/Settings/Page_FakeDoor/button_Sign In' is clicked on

2023-10-02 23:07:51 - [TEST_STEP][PASSED] - setText(findTestObject("Object Repository/Buttons/Settings/Page_FakeDoor/input_User Name_username"), "admin2"): Text 'admin2' is set on object 'Object Repository/Buttons/Settings/Page_FakeDoor/input_User Name_username'

2023-10-02 23:07:53 - [MESSAGE][PASSED] - Text 'admin2' is set on object 'Object Repository/Buttons/Settings/Page_FakeDoor/input_User Name_username'

2023-10-02 23:07:53 - [TEST_STEP][PASSED] - setEncryptedText(findTestObject("Object Repository/Buttons/Settings/Page_FakeDoor/input_Password_password"), "Lm1Albv1LteQ2KmNJoEiNQ=="): Text ****** has been set on object 'Object Repository/Buttons/Settings/Page_FakeDoor/input_Password_password'

2023-10-02 23:07:53 - [MESSAGE][PASSED] - Text ****** has been set on object 'Object Repository/Buttons/Settings/Page_FakeDoor/input_Password_password'

2023-10-02 23:07:53 - [TEST_STEP][PASSED] - click(findTestObject("Object Repository/Buttons/Settings/Page_FakeDoor/button_Login")): Object: 'Object Repository/Buttons/Settings/Page_FakeDoor/button_Login' is clicked on

2023-10-02 23:07:54 - [MESSAGE][PASSED] - Object: 'Object Repository/Buttons/Settings/Page_FakeDoor/button_Login' is clicked on

2023-10-02 23:07:54 - [TEST_STEP][PASSED] - click(findTestObject("Object Repository/Buttons/Settings/Page_FakeDoor/span_Settings")): Object: 'Object Repository/Buttons/Settings/Page_FakeDoor/span_Settings' is clicked on

2023-10-02 23:07:57 - [MESSAGE][PASSED] - Object: 'Object Repository/Buttons/Settings/Page_FakeDoor/span_Settings' is clicked on

2023-10-02 23:07:57 - [TEST_STEP][PASSED] - click(findTestObject("Object Repository/Buttons/Settings/Page_FakeDoor/button_Password")): Object: 'Object Repository/Buttons/Settings/Page_FakeDoor/button_Password' is clicked on

2023-10-02 23:07:57 - [MESSAGE][PASSED] - Object: 'Object Repository/Buttons/Settings/Page_FakeDoor/button_Password' is clicked on

2023-10-02 23:07:57 - [TEST_STEP][PASSED] - click(findTestObject("Object Repository/Buttons/Settings/Page_FakeDoor/button_Account")): Object: 'Object Repository/Buttons/Settings/Page_FakeDoor/button_Account' is clicked on

2023-10-02 23:07:58 - [MESSAGE][PASSED] - Object: 'Object Repository/Buttons/Settings/Page_FakeDoor/button_Account' is clicked on

2023-10-02 23:07:58 - [TEST_STEP][PASSED] - click(findTestObject("Object Repository/Buttons/Settings/Page_FakeDoor/input_Name_name")): Object: 'Object Repository/Buttons/Settings/Page_FakeDoor/input_Name_name' is clicked on

2023-10-02 23:07:58 - [MESSAGE][PASSED] - Object: 'Object Repository/Buttons/Settings/Page_FakeDoor/input_Name_name' is clicked on

2023-10-02 23:07:58 - [TEST_STEP][PASSED] - click(findTestObject("Object Repository/Buttons/Settings/Page_FakeDoor/button_Password")): Object: 'Object Repository/Buttons/Settings/Page_FakeDoor/button_Password' is clicked on

2023-10-02 23:07:59 - [MESSAGE][PASSED] - Object: 'Object Repository/Buttons/Settings/Page_FakeDoor/button_Password' is clicked on

2023-10-02 23:07:59 - [TEST_STEP][PASSED] - click(findTestObject("Object Repository/Buttons/Settings/Page_FakeDoor/div_Current PasswordCurrent PasswordNew Pas_fe54c8")): Object: 'Object Repository/Buttons/Settings/Page_FakeDoor/div_Current PasswordCurrent PasswordNew Pas_fe54c8' is clicked on

2023-10-02 23:07:59 - [MESSAGE][PASSED] - Object: 'Object Repository/Buttons/Settings/Page_FakeDoor/div_Current PasswordCurrent PasswordNew Pas_fe54c8' is clicked on

2023-10-02 23:07:59 - [TEST_STEP][PASSED] - click(findTestObject("Object Repository/Buttons/Settings/Page_FakeDoor/button_Overview_MuiButtonBase-root MuiIconB_eec332")): Object: 'Object Repository/Buttons/Settings/Page_FakeDoor/button_Overview_MuiButtonBase-root MuiIconB_eec332' is clicked on

2023-10-02 23:08:00 - [MESSAGE][PASSED] - Object: 'Object Repository/Buttons/Settings/Page_FakeDoor/button_Overview_MuiButtonBase-root MuiIconB_eec332' is clicked on

2023-10-02 23:08:00 - [TEST_STEP][PASSED] - click(findTestObject("Object Repository/Buttons/Settings/Page_FakeDoor/span_Logout")): Object: 'Object Repository/Buttons/Settings/Page_FakeDoor/span_Logout' is clicked on

2023-10-02 23:08:00 - [MESSAGE][PASSED] - Object: 'Object Repository/Buttons/Settings/Page_FakeDoor/span_Logout' is clicked on

2023-10-02 23:08:00 - [TEST_STEP][PASSED] - closeBrowser(): Browser is closed

2023-10-02 23:08:01 - [MESSAGE][PASSED] - Browser is closed]]></system-out>
         <system-err><![CDATA[]]></system-err>
      </testcase>
      <testcase name="Test Cases/Buttons/Tests" time="15.442" classname="Test Cases/Buttons/Tests" status="PASSED">
         <system-out><![CDATA[2023-10-02 23:08:01 - [TEST_CASE][PASSED] - Test Cases/Buttons/Tests: Test Cases/Buttons/Tests

2023-10-02 23:08:01 - [TEST_STEP][PASSED] - openBrowser(""): Browser is opened with url: ''

2023-10-02 23:08:01 - [MESSAGE][INFO] - Starting 'Chrome' driver

2023-10-02 23:08:01 - [MESSAGE][INFO] - Action delay is set to 0 milliseconds

2023-10-02 23:08:02 - [MESSAGE][PASSED] - Browser is opened with url: ''

2023-10-02 23:08:02 - [TEST_STEP][PASSED] - navigateToUrl("https://delightful-stone-07bb55f0f.3.azurestaticapps.net/"): Navigate to 'https://delightful-stone-07bb55f0f.3.azurestaticapps.net/' successfully

2023-10-02 23:08:03 - [MESSAGE][PASSED] - Navigate to 'https://delightful-stone-07bb55f0f.3.azurestaticapps.net/' successfully

2023-10-02 23:08:03 - [TEST_STEP][PASSED] - maximizeWindow(): Current window maximized

2023-10-02 23:08:03 - [MESSAGE][PASSED] - Current window maximized

2023-10-02 23:08:03 - [TEST_STEP][PASSED] - click(findTestObject("Object Repository/Buttons/Tests/Page_FakeDoor/button_Sign In")): Object: 'Object Repository/Buttons/Tests/Page_FakeDoor/button_Sign In' is clicked on

2023-10-02 23:08:04 - [MESSAGE][PASSED] - Object: 'Object Repository/Buttons/Tests/Page_FakeDoor/button_Sign In' is clicked on

2023-10-02 23:08:04 - [TEST_STEP][PASSED] - setText(findTestObject("Object Repository/Buttons/Tests/Page_FakeDoor/input_User Name_username"), "admin2"): Text 'admin2' is set on object 'Object Repository/Buttons/Tests/Page_FakeDoor/input_User Name_username'

2023-10-02 23:08:05 - [MESSAGE][PASSED] - Text 'admin2' is set on object 'Object Repository/Buttons/Tests/Page_FakeDoor/input_User Name_username'

2023-10-02 23:08:05 - [TEST_STEP][PASSED] - setEncryptedText(findTestObject("Object Repository/Buttons/Tests/Page_FakeDoor/input_Password_password"), "Lm1Albv1LteQ2KmNJoEiNQ=="): Text ****** has been set on object 'Object Repository/Buttons/Tests/Page_FakeDoor/input_Password_password'

2023-10-02 23:08:05 - [MESSAGE][PASSED] - Text ****** has been set on object 'Object Repository/Buttons/Tests/Page_FakeDoor/input_Password_password'

2023-10-02 23:08:05 - [TEST_STEP][PASSED] - click(findTestObject("Object Repository/Buttons/Tests/Page_FakeDoor/button_Login")): Object: 'Object Repository/Buttons/Tests/Page_FakeDoor/button_Login' is clicked on

2023-10-02 23:08:06 - [MESSAGE][PASSED] - Object: 'Object Repository/Buttons/Tests/Page_FakeDoor/button_Login' is clicked on

2023-10-02 23:08:06 - [TEST_STEP][PASSED] - click(findTestObject("Object Repository/Buttons/Tests/Page_FakeDoor/span_Tests")): Object: 'Object Repository/Buttons/Tests/Page_FakeDoor/span_Tests' is clicked on

2023-10-02 23:08:08 - [MESSAGE][PASSED] - Object: 'Object Repository/Buttons/Tests/Page_FakeDoor/span_Tests' is clicked on

2023-10-02 23:08:08 - [TEST_STEP][PASSED] - click(findTestObject("Object Repository/Buttons/Tests/Page_FakeDoor/span_Physics")): Object: 'Object Repository/Buttons/Tests/Page_FakeDoor/span_Physics' is clicked on

2023-10-02 23:08:09 - [MESSAGE][PASSED] - Object: 'Object Repository/Buttons/Tests/Page_FakeDoor/span_Physics' is clicked on

2023-10-02 23:08:09 - [TEST_STEP][PASSED] - click(findTestObject("Object Repository/Buttons/Tests/Page_FakeDoor/input_Settings_multipleChoice")): Object: 'Object Repository/Buttons/Tests/Page_FakeDoor/input_Settings_multipleChoice' is clicked on

2023-10-02 23:08:10 - [MESSAGE][PASSED] - Object: 'Object Repository/Buttons/Tests/Page_FakeDoor/input_Settings_multipleChoice' is clicked on

2023-10-02 23:08:10 - [TEST_STEP][PASSED] - click(findTestObject("Object Repository/Buttons/Tests/Page_FakeDoor/input_Settings_multipleChoice")): Object: 'Object Repository/Buttons/Tests/Page_FakeDoor/input_Settings_multipleChoice' is clicked on

2023-10-02 23:08:10 - [MESSAGE][PASSED] - Object: 'Object Repository/Buttons/Tests/Page_FakeDoor/input_Settings_multipleChoice' is clicked on

2023-10-02 23:08:10 - [TEST_STEP][PASSED] - click(findTestObject("Object Repository/Buttons/Tests/Page_FakeDoor/input_Settings_longAnswer")): Object: 'Object Repository/Buttons/Tests/Page_FakeDoor/input_Settings_longAnswer' is clicked on

2023-10-02 23:08:11 - [MESSAGE][PASSED] - Object: 'Object Repository/Buttons/Tests/Page_FakeDoor/input_Settings_longAnswer' is clicked on

2023-10-02 23:08:11 - [TEST_STEP][PASSED] - click(findTestObject("Object Repository/Buttons/Tests/Page_FakeDoor/input_Settings_longAnswer")): Object: 'Object Repository/Buttons/Tests/Page_FakeDoor/input_Settings_longAnswer' is clicked on

2023-10-02 23:08:11 - [MESSAGE][PASSED] - Object: 'Object Repository/Buttons/Tests/Page_FakeDoor/input_Settings_longAnswer' is clicked on

2023-10-02 23:08:11 - [TEST_STEP][PASSED] - click(findTestObject("Object Repository/Buttons/Tests/Page_FakeDoor/img")): Object: 'Object Repository/Buttons/Tests/Page_FakeDoor/img' is clicked on

2023-10-02 23:08:12 - [MESSAGE][PASSED] - Object: 'Object Repository/Buttons/Tests/Page_FakeDoor/img' is clicked on

2023-10-02 23:08:12 - [TEST_STEP][PASSED] - click(findTestObject("Object Repository/Buttons/Tests/Page_FakeDoor/img")): Object: 'Object Repository/Buttons/Tests/Page_FakeDoor/img' is clicked on

2023-10-02 23:08:12 - [MESSAGE][PASSED] - Object: 'Object Repository/Buttons/Tests/Page_FakeDoor/img' is clicked on

2023-10-02 23:08:12 - [TEST_STEP][PASSED] - click(findTestObject("Object Repository/Buttons/Tests/Page_FakeDoor/img")): Object: 'Object Repository/Buttons/Tests/Page_FakeDoor/img' is clicked on

2023-10-02 23:08:13 - [MESSAGE][PASSED] - Object: 'Object Repository/Buttons/Tests/Page_FakeDoor/img' is clicked on

2023-10-02 23:08:13 - [TEST_STEP][PASSED] - click(findTestObject("Object Repository/Buttons/Tests/Page_FakeDoor/img_1")): Object: 'Object Repository/Buttons/Tests/Page_FakeDoor/img_1' is clicked on

2023-10-02 23:08:14 - [MESSAGE][PASSED] - Object: 'Object Repository/Buttons/Tests/Page_FakeDoor/img_1' is clicked on

2023-10-02 23:08:14 - [TEST_STEP][PASSED] - click(findTestObject("Object Repository/Buttons/Tests/Page_FakeDoor/img_1")): Object: 'Object Repository/Buttons/Tests/Page_FakeDoor/img_1' is clicked on

2023-10-02 23:08:14 - [MESSAGE][PASSED] - Object: 'Object Repository/Buttons/Tests/Page_FakeDoor/img_1' is clicked on

2023-10-02 23:08:14 - [TEST_STEP][PASSED] - click(findTestObject("Object Repository/Buttons/Tests/Page_FakeDoor/img_1")): Object: 'Object Repository/Buttons/Tests/Page_FakeDoor/img_1' is clicked on

2023-10-02 23:08:15 - [MESSAGE][PASSED] - Object: 'Object Repository/Buttons/Tests/Page_FakeDoor/img_1' is clicked on

2023-10-02 23:08:15 - [TEST_STEP][PASSED] - click(findTestObject("Object Repository/Buttons/Tests/Page_FakeDoor/button_Overview_MuiButtonBase-root MuiIconB_eec332")): Object: 'Object Repository/Buttons/Tests/Page_FakeDoor/button_Overview_MuiButtonBase-root MuiIconB_eec332' is clicked on

2023-10-02 23:08:15 - [MESSAGE][PASSED] - Object: 'Object Repository/Buttons/Tests/Page_FakeDoor/button_Overview_MuiButtonBase-root MuiIconB_eec332' is clicked on

2023-10-02 23:08:15 - [TEST_STEP][PASSED] - click(findTestObject("Object Repository/Buttons/Tests/Page_FakeDoor/span_Logout")): Object: 'Object Repository/Buttons/Tests/Page_FakeDoor/span_Logout' is clicked on

2023-10-02 23:08:16 - [MESSAGE][PASSED] - Object: 'Object Repository/Buttons/Tests/Page_FakeDoor/span_Logout' is clicked on

2023-10-02 23:08:16 - [TEST_STEP][PASSED] - closeBrowser(): Browser is closed

2023-10-02 23:08:16 - [MESSAGE][PASSED] - Browser is closed]]></system-out>
         <system-err><![CDATA[]]></system-err>
      </testcase>
      <system-out><![CDATA[2023-10-02 23:06:05 - [TEST_SUITE][PASSED] - Buttons: Test Cases/Buttons/Tests]]></system-out>
      <system-err><![CDATA[]]></system-err>
   </testsuite>
</testsuites>
