<?xml version="1.0" encoding="UTF-8"?>
<testsuites name="Buttons" time="134.59" tests="5" failures="0" errors="0">
   <testsuite name="Buttons" tests="5" failures="0" errors="0" time="134.59" skipped="0" timestamp="2023-10-02 23:09:14" hostname="faked - Fakedoor" id="Test Suites/Buttons">
      <properties>
         <property name="deviceName" value=""/>
         <property name="devicePlatform" value=""/>
         <property name="logFolder" value="D:\\Katalon Studio\\UI-tests\\Reports\\20231002_230909\\Buttons\\20231002_230911"/>
         <property name="logFiles" value="D:\\Katalon Studio\\UI-tests\\Reports\\20231002_230909\\Buttons\\20231002_230911\\execution0.log"/>
         <property name="attachments" value=""/>
         <property name="hostName" value="faked - Fakedoor"/>
         <property name="os" value="Windows 11 64bit"/>
         <property name="katalonVersion" value="8.6.8.208"/>
         <property name="browser" value="Chrome 117.0.0.0"/>
         <property name="hostAddress" value="10.6.2.229"/>
         <property name="sessionId" value="4beb12fb161fbce989c147d5578386a2"/>
         <property name="seleniumVersion" value="3.141.59"/>
         <property name="proxyInformation" value="ProxyInformation { proxyOption=NO_PROXY, proxyServerType=HTTP, username=, password=********, proxyServerAddress=, proxyServerPort=0, executionList=&quot;&quot;, isApplyToDesiredCapabilities=true }"/>
         <property name="platform" value="Windows 11"/>
      </properties>
      <testcase name="Test Cases/Buttons/Overview" time="64.276" classname="Test Cases/Buttons/Overview" status="PASSED">
         <system-out><![CDATA[2023-10-02 23:09:14 - [TEST_CASE][PASSED] - Test Cases/Buttons/Overview: Test Cases/Buttons/Overview

2023-10-02 23:09:14 - [TEST_STEP][PASSED] - openBrowser(""): Browser is opened with url: ''

2023-10-02 23:09:14 - [MESSAGE][INFO] - Starting 'Chrome' driver

2023-10-02 23:09:14 - [MESSAGE][INFO] - Action delay is set to 0 milliseconds

2023-10-02 23:09:16 - [MESSAGE][PASSED] - Browser is opened with url: ''

2023-10-02 23:09:16 - [TEST_STEP][PASSED] - navigateToUrl("https://delightful-stone-07bb55f0f.3.azurestaticapps.net/"): Navigate to 'https://delightful-stone-07bb55f0f.3.azurestaticapps.net/' successfully

2023-10-02 23:09:17 - [MESSAGE][PASSED] - Navigate to 'https://delightful-stone-07bb55f0f.3.azurestaticapps.net/' successfully

2023-10-02 23:09:17 - [TEST_STEP][PASSED] - maximizeWindow(): Current window maximized

2023-10-02 23:09:17 - [MESSAGE][PASSED] - Current window maximized

2023-10-02 23:09:17 - [TEST_STEP][PASSED] - click(findTestObject("Object Repository/Buttons/Overview/Page_FakeDoor/button_Sign In")): Object: 'Object Repository/Buttons/Overview/Page_FakeDoor/button_Sign In' is clicked on

2023-10-02 23:09:17 - [MESSAGE][PASSED] - Object: 'Object Repository/Buttons/Overview/Page_FakeDoor/button_Sign In' is clicked on

2023-10-02 23:09:17 - [TEST_STEP][PASSED] - setText(findTestObject("Object Repository/Buttons/Overview/Page_FakeDoor/input_User Name_username"), "admin2"): Text 'admin2' is set on object 'Object Repository/Buttons/Overview/Page_FakeDoor/input_User Name_username'

2023-10-02 23:09:19 - [MESSAGE][PASSED] - Text 'admin2' is set on object 'Object Repository/Buttons/Overview/Page_FakeDoor/input_User Name_username'

2023-10-02 23:09:19 - [TEST_STEP][PASSED] - setEncryptedText(findTestObject("Object Repository/Buttons/Overview/Page_FakeDoor/input_Password_password"), "Lm1Albv1LteQ2KmNJoEiNQ=="): Text ****** has been set on object 'Object Repository/Buttons/Overview/Page_FakeDoor/input_Password_password'

2023-10-02 23:09:19 - [MESSAGE][PASSED] - Text ****** has been set on object 'Object Repository/Buttons/Overview/Page_FakeDoor/input_Password_password'

2023-10-02 23:09:19 - [TEST_STEP][PASSED] - click(findTestObject("Object Repository/Buttons/Overview/Page_FakeDoor/button_Login")): Object: 'Object Repository/Buttons/Overview/Page_FakeDoor/button_Login' is clicked on

2023-10-02 23:09:20 - [MESSAGE][PASSED] - Object: 'Object Repository/Buttons/Overview/Page_FakeDoor/button_Login' is clicked on

2023-10-02 23:09:20 - [TEST_STEP][PASSED] - click(findTestObject("Object Repository/Buttons/Overview/Page_FakeDoor/span_Overview")): Object: 'Object Repository/Buttons/Overview/Page_FakeDoor/span_Overview' is clicked on

2023-10-02 23:09:23 - [MESSAGE][PASSED] - Object: 'Object Repository/Buttons/Overview/Page_FakeDoor/span_Overview' is clicked on

2023-10-02 23:09:23 - [TEST_STEP][PASSED] - click(findTestObject("Object Repository/Buttons/Overview/Page_FakeDoor/p_Start Lesson")): Object: 'Object Repository/Buttons/Overview/Page_FakeDoor/p_Start Lesson' is clicked on

2023-10-02 23:09:26 - [MESSAGE][PASSED] - Object: 'Object Repository/Buttons/Overview/Page_FakeDoor/p_Start Lesson' is clicked on

2023-10-02 23:09:26 - [TEST_STEP][PASSED] - click(findTestObject("Object Repository/Buttons/Overview/Page_FakeDoor/img_Back_MuiBox-root mui-style-1f4e7rj")): Object: 'Object Repository/Buttons/Overview/Page_FakeDoor/img_Back_MuiBox-root mui-style-1f4e7rj' is clicked on

2023-10-02 23:09:27 - [MESSAGE][PASSED] - Object: 'Object Repository/Buttons/Overview/Page_FakeDoor/img_Back_MuiBox-root mui-style-1f4e7rj' is clicked on

2023-10-02 23:09:27 - [TEST_STEP][PASSED] - click(findTestObject("Object Repository/Buttons/Overview/Page_FakeDoor/img_Back_MuiBox-root mui-style-1f4e7rj_1")): Object: 'Object Repository/Buttons/Overview/Page_FakeDoor/img_Back_MuiBox-root mui-style-1f4e7rj_1' is clicked on

2023-10-02 23:09:30 - [MESSAGE][PASSED] - Object: 'Object Repository/Buttons/Overview/Page_FakeDoor/img_Back_MuiBox-root mui-style-1f4e7rj_1' is clicked on

2023-10-02 23:09:30 - [TEST_STEP][PASSED] - click(findTestObject("Object Repository/Buttons/Overview/Page_FakeDoor/img_Back_MuiBox-root mui-style-1f4e7rj_1_2")): Object: 'Object Repository/Buttons/Overview/Page_FakeDoor/img_Back_MuiBox-root mui-style-1f4e7rj_1_2' is clicked on

2023-10-02 23:09:33 - [MESSAGE][PASSED] - Object: 'Object Repository/Buttons/Overview/Page_FakeDoor/img_Back_MuiBox-root mui-style-1f4e7rj_1_2' is clicked on

2023-10-02 23:09:33 - [TEST_STEP][PASSED] - click(findTestObject("Object Repository/Buttons/Overview/Page_FakeDoor/img_Back_MuiBox-root mui-style-1f4e7rj_1_2_3")): Object: 'Object Repository/Buttons/Overview/Page_FakeDoor/img_Back_MuiBox-root mui-style-1f4e7rj_1_2_3' is clicked on

2023-10-02 23:09:36 - [MESSAGE][PASSED] - Object: 'Object Repository/Buttons/Overview/Page_FakeDoor/img_Back_MuiBox-root mui-style-1f4e7rj_1_2_3' is clicked on

2023-10-02 23:09:36 - [TEST_STEP][PASSED] - click(findTestObject("Object Repository/Buttons/Overview/Page_FakeDoor/img_Back_MuiBox-root mui-style-1f4e7rj_1_2_3_4")): Object: 'Object Repository/Buttons/Overview/Page_FakeDoor/img_Back_MuiBox-root mui-style-1f4e7rj_1_2_3_4' is clicked on

2023-10-02 23:09:39 - [MESSAGE][PASSED] - Object: 'Object Repository/Buttons/Overview/Page_FakeDoor/img_Back_MuiBox-root mui-style-1f4e7rj_1_2_3_4' is clicked on

2023-10-02 23:09:39 - [TEST_STEP][PASSED] - click(findTestObject("Object Repository/Buttons/Overview/Page_FakeDoor/img_Back_MuiBox-root mui-style-1f4e7rj_1_2_3_4_5")): Object: 'Object Repository/Buttons/Overview/Page_FakeDoor/img_Back_MuiBox-root mui-style-1f4e7rj_1_2_3_4_5' is clicked on

2023-10-02 23:09:47 - [MESSAGE][PASSED] - Object: 'Object Repository/Buttons/Overview/Page_FakeDoor/img_Back_MuiBox-root mui-style-1f4e7rj_1_2_3_4_5' is clicked on

2023-10-02 23:09:47 - [TEST_STEP][PASSED] - click(findTestObject("Object Repository/Buttons/Overview/Page_FakeDoor/img_Back_MuiBox-root mui-style-1f4e7rj_1_2_3_4_5_6")): Object: 'Object Repository/Buttons/Overview/Page_FakeDoor/img_Back_MuiBox-root mui-style-1f4e7rj_1_2_3_4_5_6' is clicked on

2023-10-02 23:09:50 - [MESSAGE][PASSED] - Object: 'Object Repository/Buttons/Overview/Page_FakeDoor/img_Back_MuiBox-root mui-style-1f4e7rj_1_2_3_4_5_6' is clicked on

2023-10-02 23:09:50 - [TEST_STEP][PASSED] - click(findTestObject("Object Repository/Buttons/Overview/Page_FakeDoor/img_Back_MuiBox-root mui-style-1f4e7rj_1_2_3_4_5_6_7")): Object: 'Object Repository/Buttons/Overview/Page_FakeDoor/img_Back_MuiBox-root mui-style-1f4e7rj_1_2_3_4_5_6_7' is clicked on

2023-10-02 23:09:53 - [MESSAGE][PASSED] - Object: 'Object Repository/Buttons/Overview/Page_FakeDoor/img_Back_MuiBox-root mui-style-1f4e7rj_1_2_3_4_5_6_7' is clicked on

2023-10-02 23:09:53 - [TEST_STEP][PASSED] - click(findTestObject("Object Repository/Buttons/Overview/Page_FakeDoor/img_Back_MuiBox-root mui-style-1f4e7rj_1_2_3_4_5_6_7_8")): Object: 'Object Repository/Buttons/Overview/Page_FakeDoor/img_Back_MuiBox-root mui-style-1f4e7rj_1_2_3_4_5_6_7_8' is clicked on

2023-10-02 23:09:56 - [MESSAGE][PASSED] - Object: 'Object Repository/Buttons/Overview/Page_FakeDoor/img_Back_MuiBox-root mui-style-1f4e7rj_1_2_3_4_5_6_7_8' is clicked on

2023-10-02 23:09:56 - [TEST_STEP][PASSED] - click(findTestObject("Object Repository/Buttons/Overview/Page_FakeDoor/button_Back")): Object: 'Object Repository/Buttons/Overview/Page_FakeDoor/button_Back' is clicked on

2023-10-02 23:09:56 - [MESSAGE][PASSED] - Object: 'Object Repository/Buttons/Overview/Page_FakeDoor/button_Back' is clicked on

2023-10-02 23:09:56 - [TEST_STEP][PASSED] - click(findTestObject("Object Repository/Buttons/Overview/Page_FakeDoor/button_Back")): Object: 'Object Repository/Buttons/Overview/Page_FakeDoor/button_Back' is clicked on

2023-10-02 23:09:57 - [MESSAGE][PASSED] - Object: 'Object Repository/Buttons/Overview/Page_FakeDoor/button_Back' is clicked on

2023-10-02 23:09:57 - [TEST_STEP][PASSED] - click(findTestObject("Object Repository/Buttons/Overview/Page_FakeDoor/button_Back")): Object: 'Object Repository/Buttons/Overview/Page_FakeDoor/button_Back' is clicked on

2023-10-02 23:09:58 - [MESSAGE][PASSED] - Object: 'Object Repository/Buttons/Overview/Page_FakeDoor/button_Back' is clicked on

2023-10-02 23:09:58 - [TEST_STEP][PASSED] - click(findTestObject("Object Repository/Buttons/Overview/Page_FakeDoor/button_Back")): Object: 'Object Repository/Buttons/Overview/Page_FakeDoor/button_Back' is clicked on

2023-10-02 23:09:58 - [MESSAGE][PASSED] - Object: 'Object Repository/Buttons/Overview/Page_FakeDoor/button_Back' is clicked on

2023-10-02 23:09:58 - [TEST_STEP][PASSED] - click(findTestObject("Object Repository/Buttons/Overview/Page_FakeDoor/button_Back")): Object: 'Object Repository/Buttons/Overview/Page_FakeDoor/button_Back' is clicked on

2023-10-02 23:10:06 - [MESSAGE][PASSED] - Object: 'Object Repository/Buttons/Overview/Page_FakeDoor/button_Back' is clicked on

2023-10-02 23:10:06 - [TEST_STEP][PASSED] - click(findTestObject("Object Repository/Buttons/Overview/Page_FakeDoor/button_Back")): Object: 'Object Repository/Buttons/Overview/Page_FakeDoor/button_Back' is clicked on

2023-10-02 23:10:07 - [MESSAGE][PASSED] - Object: 'Object Repository/Buttons/Overview/Page_FakeDoor/button_Back' is clicked on

2023-10-02 23:10:07 - [TEST_STEP][PASSED] - click(findTestObject("Object Repository/Buttons/Overview/Page_FakeDoor/button_Back")): Object: 'Object Repository/Buttons/Overview/Page_FakeDoor/button_Back' is clicked on

2023-10-02 23:10:08 - [MESSAGE][PASSED] - Object: 'Object Repository/Buttons/Overview/Page_FakeDoor/button_Back' is clicked on

2023-10-02 23:10:08 - [TEST_STEP][PASSED] - click(findTestObject("Object Repository/Buttons/Overview/Page_FakeDoor/button_Back")): Object: 'Object Repository/Buttons/Overview/Page_FakeDoor/button_Back' is clicked on

2023-10-02 23:10:09 - [MESSAGE][PASSED] - Object: 'Object Repository/Buttons/Overview/Page_FakeDoor/button_Back' is clicked on

2023-10-02 23:10:09 - [TEST_STEP][PASSED] - click(findTestObject("Object Repository/Buttons/Overview/Page_FakeDoor/button_Back")): Object: 'Object Repository/Buttons/Overview/Page_FakeDoor/button_Back' is clicked on

2023-10-02 23:10:09 - [MESSAGE][PASSED] - Object: 'Object Repository/Buttons/Overview/Page_FakeDoor/button_Back' is clicked on

2023-10-02 23:10:09 - [TEST_STEP][PASSED] - click(findTestObject("Object Repository/Buttons/Overview/Page_FakeDoor/button_Back")): Object: 'Object Repository/Buttons/Overview/Page_FakeDoor/button_Back' is clicked on

2023-10-02 23:10:10 - [MESSAGE][PASSED] - Object: 'Object Repository/Buttons/Overview/Page_FakeDoor/button_Back' is clicked on

2023-10-02 23:10:10 - [TEST_STEP][PASSED] - click(findTestObject("Object Repository/Buttons/Overview/Page_FakeDoor/p_Reminder")): Object: 'Object Repository/Buttons/Overview/Page_FakeDoor/p_Reminder' is clicked on

2023-10-02 23:10:12 - [MESSAGE][PASSED] - Object: 'Object Repository/Buttons/Overview/Page_FakeDoor/p_Reminder' is clicked on

2023-10-02 23:10:12 - [TEST_STEP][PASSED] - click(findTestObject("Object Repository/Buttons/Overview/Page_FakeDoor/span_Overview")): Object: 'Object Repository/Buttons/Overview/Page_FakeDoor/span_Overview' is clicked on

2023-10-02 23:10:13 - [MESSAGE][PASSED] - Object: 'Object Repository/Buttons/Overview/Page_FakeDoor/span_Overview' is clicked on

2023-10-02 23:10:13 - [TEST_STEP][PASSED] - click(findTestObject("Object Repository/Buttons/Overview/Page_FakeDoor/p_Reminder")): Object: 'Object Repository/Buttons/Overview/Page_FakeDoor/p_Reminder' is clicked on

2023-10-02 23:10:16 - [MESSAGE][PASSED] - Object: 'Object Repository/Buttons/Overview/Page_FakeDoor/p_Reminder' is clicked on

2023-10-02 23:10:16 - [TEST_STEP][PASSED] - click(findTestObject("Object Repository/Buttons/Overview/Page_FakeDoor/span_Overview")): Object: 'Object Repository/Buttons/Overview/Page_FakeDoor/span_Overview' is clicked on

2023-10-02 23:10:16 - [MESSAGE][PASSED] - Object: 'Object Repository/Buttons/Overview/Page_FakeDoor/span_Overview' is clicked on

2023-10-02 23:10:16 - [TEST_STEP][PASSED] - click(findTestObject("Object Repository/Buttons/Overview/Page_FakeDoor/button_Overview_MuiButtonBase-root MuiIconB_eec332")): Object: 'Object Repository/Buttons/Overview/Page_FakeDoor/button_Overview_MuiButtonBase-root MuiIconB_eec332' is clicked on

2023-10-02 23:10:17 - [MESSAGE][PASSED] - Object: 'Object Repository/Buttons/Overview/Page_FakeDoor/button_Overview_MuiButtonBase-root MuiIconB_eec332' is clicked on

2023-10-02 23:10:17 - [TEST_STEP][PASSED] - click(findTestObject("Object Repository/Buttons/Overview/Page_FakeDoor/span_Logout")): Object: 'Object Repository/Buttons/Overview/Page_FakeDoor/span_Logout' is clicked on

2023-10-02 23:10:18 - [MESSAGE][PASSED] - Object: 'Object Repository/Buttons/Overview/Page_FakeDoor/span_Logout' is clicked on

2023-10-02 23:10:18 - [TEST_STEP][PASSED] - closeBrowser(): Browser is closed

2023-10-02 23:10:18 - [MESSAGE][PASSED] - Browser is closed]]></system-out>
         <system-err><![CDATA[]]></system-err>
      </testcase>
      <testcase name="Test Cases/Buttons/Profile" time="20.048" classname="Test Cases/Buttons/Profile" status="PASSED">
         <system-out><![CDATA[2023-10-02 23:10:18 - [TEST_CASE][PASSED] - Test Cases/Buttons/Profile: Test Cases/Buttons/Profile

2023-10-02 23:10:18 - [TEST_STEP][PASSED] - openBrowser(""): Browser is opened with url: ''

2023-10-02 23:10:18 - [MESSAGE][INFO] - Starting 'Chrome' driver

2023-10-02 23:10:18 - [MESSAGE][INFO] - Action delay is set to 0 milliseconds

2023-10-02 23:10:20 - [MESSAGE][PASSED] - Browser is opened with url: ''

2023-10-02 23:10:20 - [TEST_STEP][PASSED] - navigateToUrl("https://delightful-stone-07bb55f0f.3.azurestaticapps.net/"): Navigate to 'https://delightful-stone-07bb55f0f.3.azurestaticapps.net/' successfully

2023-10-02 23:10:21 - [MESSAGE][PASSED] - Navigate to 'https://delightful-stone-07bb55f0f.3.azurestaticapps.net/' successfully

2023-10-02 23:10:21 - [TEST_STEP][PASSED] - maximizeWindow(): Current window maximized

2023-10-02 23:10:21 - [MESSAGE][PASSED] - Current window maximized

2023-10-02 23:10:21 - [TEST_STEP][PASSED] - click(findTestObject("Object Repository/Buttons/Profile/Page_FakeDoor/button_Sign In")): Object: 'Object Repository/Buttons/Profile/Page_FakeDoor/button_Sign In' is clicked on

2023-10-02 23:10:22 - [MESSAGE][PASSED] - Object: 'Object Repository/Buttons/Profile/Page_FakeDoor/button_Sign In' is clicked on

2023-10-02 23:10:22 - [TEST_STEP][PASSED] - setText(findTestObject("Object Repository/Buttons/Profile/Page_FakeDoor/input_User Name_username"), "admin2"): Text 'admin2' is set on object 'Object Repository/Buttons/Profile/Page_FakeDoor/input_User Name_username'

2023-10-02 23:10:23 - [MESSAGE][PASSED] - Text 'admin2' is set on object 'Object Repository/Buttons/Profile/Page_FakeDoor/input_User Name_username'

2023-10-02 23:10:23 - [TEST_STEP][PASSED] - setEncryptedText(findTestObject("Object Repository/Buttons/Profile/Page_FakeDoor/input_Password_password"), "Lm1Albv1LteQ2KmNJoEiNQ=="): Text ****** has been set on object 'Object Repository/Buttons/Profile/Page_FakeDoor/input_Password_password'

2023-10-02 23:10:23 - [MESSAGE][PASSED] - Text ****** has been set on object 'Object Repository/Buttons/Profile/Page_FakeDoor/input_Password_password'

2023-10-02 23:10:23 - [TEST_STEP][PASSED] - click(findTestObject("Object Repository/Buttons/Profile/Page_FakeDoor/button_Login")): Object: 'Object Repository/Buttons/Profile/Page_FakeDoor/button_Login' is clicked on

2023-10-02 23:10:24 - [MESSAGE][PASSED] - Object: 'Object Repository/Buttons/Profile/Page_FakeDoor/button_Login' is clicked on

2023-10-02 23:10:24 - [TEST_STEP][PASSED] - click(findTestObject("Object Repository/Buttons/Profile/Page_FakeDoor/button_Day")): Object: 'Object Repository/Buttons/Profile/Page_FakeDoor/button_Day' is clicked on

2023-10-02 23:10:27 - [MESSAGE][PASSED] - Object: 'Object Repository/Buttons/Profile/Page_FakeDoor/button_Day' is clicked on

2023-10-02 23:10:27 - [TEST_STEP][PASSED] - click(findTestObject("Object Repository/Buttons/Profile/Page_FakeDoor/button_Week")): Object: 'Object Repository/Buttons/Profile/Page_FakeDoor/button_Week' is clicked on

2023-10-02 23:10:27 - [MESSAGE][PASSED] - Object: 'Object Repository/Buttons/Profile/Page_FakeDoor/button_Week' is clicked on

2023-10-02 23:10:27 - [TEST_STEP][PASSED] - click(findTestObject("Object Repository/Buttons/Profile/Page_FakeDoor/p_SUN")): Object: 'Object Repository/Buttons/Profile/Page_FakeDoor/p_SUN' is clicked on

2023-10-02 23:10:28 - [MESSAGE][PASSED] - Object: 'Object Repository/Buttons/Profile/Page_FakeDoor/p_SUN' is clicked on

2023-10-02 23:10:28 - [TEST_STEP][PASSED] - click(findTestObject("Object Repository/Buttons/Profile/Page_FakeDoor/button_Week")): Object: 'Object Repository/Buttons/Profile/Page_FakeDoor/button_Week' is clicked on

2023-10-02 23:10:28 - [MESSAGE][PASSED] - Object: 'Object Repository/Buttons/Profile/Page_FakeDoor/button_Week' is clicked on

2023-10-02 23:10:28 - [TEST_STEP][PASSED] - click(findTestObject("Object Repository/Buttons/Profile/Page_FakeDoor/p_MON")): Object: 'Object Repository/Buttons/Profile/Page_FakeDoor/p_MON' is clicked on

2023-10-02 23:10:29 - [MESSAGE][PASSED] - Object: 'Object Repository/Buttons/Profile/Page_FakeDoor/p_MON' is clicked on

2023-10-02 23:10:29 - [TEST_STEP][PASSED] - click(findTestObject("Object Repository/Buttons/Profile/Page_FakeDoor/button_Week")): Object: 'Object Repository/Buttons/Profile/Page_FakeDoor/button_Week' is clicked on

2023-10-02 23:10:29 - [MESSAGE][PASSED] - Object: 'Object Repository/Buttons/Profile/Page_FakeDoor/button_Week' is clicked on

2023-10-02 23:10:29 - [TEST_STEP][PASSED] - click(findTestObject("Object Repository/Buttons/Profile/Page_FakeDoor/p_TUE")): Object: 'Object Repository/Buttons/Profile/Page_FakeDoor/p_TUE' is clicked on

2023-10-02 23:10:30 - [MESSAGE][PASSED] - Object: 'Object Repository/Buttons/Profile/Page_FakeDoor/p_TUE' is clicked on

2023-10-02 23:10:30 - [TEST_STEP][PASSED] - click(findTestObject("Object Repository/Buttons/Profile/Page_FakeDoor/button_Week")): Object: 'Object Repository/Buttons/Profile/Page_FakeDoor/button_Week' is clicked on

2023-10-02 23:10:30 - [MESSAGE][PASSED] - Object: 'Object Repository/Buttons/Profile/Page_FakeDoor/button_Week' is clicked on

2023-10-02 23:10:30 - [TEST_STEP][PASSED] - click(findTestObject("Object Repository/Buttons/Profile/Page_FakeDoor/p_WED")): Object: 'Object Repository/Buttons/Profile/Page_FakeDoor/p_WED' is clicked on

2023-10-02 23:10:31 - [MESSAGE][PASSED] - Object: 'Object Repository/Buttons/Profile/Page_FakeDoor/p_WED' is clicked on

2023-10-02 23:10:31 - [TEST_STEP][PASSED] - click(findTestObject("Object Repository/Buttons/Profile/Page_FakeDoor/button_Week")): Object: 'Object Repository/Buttons/Profile/Page_FakeDoor/button_Week' is clicked on

2023-10-02 23:10:31 - [MESSAGE][PASSED] - Object: 'Object Repository/Buttons/Profile/Page_FakeDoor/button_Week' is clicked on

2023-10-02 23:10:31 - [TEST_STEP][PASSED] - click(findTestObject("Object Repository/Buttons/Profile/Page_FakeDoor/p_THU")): Object: 'Object Repository/Buttons/Profile/Page_FakeDoor/p_THU' is clicked on

2023-10-02 23:10:32 - [MESSAGE][PASSED] - Object: 'Object Repository/Buttons/Profile/Page_FakeDoor/p_THU' is clicked on

2023-10-02 23:10:32 - [TEST_STEP][PASSED] - click(findTestObject("Object Repository/Buttons/Profile/Page_FakeDoor/button_Week")): Object: 'Object Repository/Buttons/Profile/Page_FakeDoor/button_Week' is clicked on

2023-10-02 23:10:33 - [MESSAGE][PASSED] - Object: 'Object Repository/Buttons/Profile/Page_FakeDoor/button_Week' is clicked on

2023-10-02 23:10:33 - [TEST_STEP][PASSED] - click(findTestObject("Object Repository/Buttons/Profile/Page_FakeDoor/p_FRI")): Object: 'Object Repository/Buttons/Profile/Page_FakeDoor/p_FRI' is clicked on

2023-10-02 23:10:33 - [MESSAGE][PASSED] - Object: 'Object Repository/Buttons/Profile/Page_FakeDoor/p_FRI' is clicked on

2023-10-02 23:10:33 - [TEST_STEP][PASSED] - click(findTestObject("Object Repository/Buttons/Profile/Page_FakeDoor/button_Week")): Object: 'Object Repository/Buttons/Profile/Page_FakeDoor/button_Week' is clicked on

2023-10-02 23:10:34 - [MESSAGE][PASSED] - Object: 'Object Repository/Buttons/Profile/Page_FakeDoor/button_Week' is clicked on

2023-10-02 23:10:34 - [TEST_STEP][PASSED] - click(findTestObject("Object Repository/Buttons/Profile/Page_FakeDoor/p_SAT")): Object: 'Object Repository/Buttons/Profile/Page_FakeDoor/p_SAT' is clicked on

2023-10-02 23:10:34 - [MESSAGE][PASSED] - Object: 'Object Repository/Buttons/Profile/Page_FakeDoor/p_SAT' is clicked on

2023-10-02 23:10:34 - [TEST_STEP][PASSED] - click(findTestObject("Object Repository/Buttons/Profile/Page_FakeDoor/button_Month")): Object: 'Object Repository/Buttons/Profile/Page_FakeDoor/button_Month' is clicked on

2023-10-02 23:10:35 - [MESSAGE][PASSED] - Object: 'Object Repository/Buttons/Profile/Page_FakeDoor/button_Month' is clicked on

2023-10-02 23:10:35 - [TEST_STEP][PASSED] - click(findTestObject("Object Repository/Buttons/Profile/Page_FakeDoor/button_Continue")): Object: 'Object Repository/Buttons/Profile/Page_FakeDoor/button_Continue' is clicked on

2023-10-02 23:10:35 - [MESSAGE][PASSED] - Object: 'Object Repository/Buttons/Profile/Page_FakeDoor/button_Continue' is clicked on

2023-10-02 23:10:35 - [TEST_STEP][PASSED] - click(findTestObject("Object Repository/Buttons/Profile/Page_FakeDoor/button_Back")): Object: 'Object Repository/Buttons/Profile/Page_FakeDoor/button_Back' is clicked on

2023-10-02 23:10:36 - [MESSAGE][PASSED] - Object: 'Object Repository/Buttons/Profile/Page_FakeDoor/button_Back' is clicked on

2023-10-02 23:10:36 - [TEST_STEP][PASSED] - click(findTestObject("Object Repository/Buttons/Profile/Page_FakeDoor/button_Overview_MuiButtonBase-root MuiIconB_eec332")): Object: 'Object Repository/Buttons/Profile/Page_FakeDoor/button_Overview_MuiButtonBase-root MuiIconB_eec332' is clicked on

2023-10-02 23:10:37 - [MESSAGE][PASSED] - Object: 'Object Repository/Buttons/Profile/Page_FakeDoor/button_Overview_MuiButtonBase-root MuiIconB_eec332' is clicked on

2023-10-02 23:10:37 - [TEST_STEP][PASSED] - click(findTestObject("Object Repository/Buttons/Profile/Page_FakeDoor/span_Logout")): Object: 'Object Repository/Buttons/Profile/Page_FakeDoor/span_Logout' is clicked on

2023-10-02 23:10:38 - [MESSAGE][PASSED] - Object: 'Object Repository/Buttons/Profile/Page_FakeDoor/span_Logout' is clicked on

2023-10-02 23:10:38 - [TEST_STEP][PASSED] - closeBrowser(): Browser is closed

2023-10-02 23:10:38 - [MESSAGE][PASSED] - Browser is closed]]></system-out>
         <system-err><![CDATA[]]></system-err>
      </testcase>
      <testcase name="Test Cases/Buttons/Progress" time="22.584" classname="Test Cases/Buttons/Progress" status="PASSED">
         <system-out><![CDATA[2023-10-02 23:10:38 - [TEST_CASE][PASSED] - Test Cases/Buttons/Progress: Test Cases/Buttons/Progress

2023-10-02 23:10:38 - [TEST_STEP][PASSED] - openBrowser(""): Browser is opened with url: ''

2023-10-02 23:10:38 - [MESSAGE][INFO] - Starting 'Chrome' driver

2023-10-02 23:10:38 - [MESSAGE][INFO] - Action delay is set to 0 milliseconds

2023-10-02 23:10:40 - [MESSAGE][PASSED] - Browser is opened with url: ''

2023-10-02 23:10:40 - [TEST_STEP][PASSED] - navigateToUrl("https://delightful-stone-07bb55f0f.3.azurestaticapps.net/"): Navigate to 'https://delightful-stone-07bb55f0f.3.azurestaticapps.net/' successfully

2023-10-02 23:10:40 - [MESSAGE][PASSED] - Navigate to 'https://delightful-stone-07bb55f0f.3.azurestaticapps.net/' successfully

2023-10-02 23:10:40 - [TEST_STEP][PASSED] - maximizeWindow(): Current window maximized

2023-10-02 23:10:40 - [MESSAGE][PASSED] - Current window maximized

2023-10-02 23:10:40 - [TEST_STEP][PASSED] - click(findTestObject("Object Repository/Buttons/Progress/Page_FakeDoor/button_Sign In")): Object: 'Object Repository/Buttons/Progress/Page_FakeDoor/button_Sign In' is clicked on

2023-10-02 23:10:41 - [MESSAGE][PASSED] - Object: 'Object Repository/Buttons/Progress/Page_FakeDoor/button_Sign In' is clicked on

2023-10-02 23:10:41 - [TEST_STEP][PASSED] - setText(findTestObject("Object Repository/Buttons/Progress/Page_FakeDoor/input_User Name_username"), "admin2"): Text 'admin2' is set on object 'Object Repository/Buttons/Progress/Page_FakeDoor/input_User Name_username'

2023-10-02 23:10:43 - [MESSAGE][PASSED] - Text 'admin2' is set on object 'Object Repository/Buttons/Progress/Page_FakeDoor/input_User Name_username'

2023-10-02 23:10:43 - [TEST_STEP][PASSED] - setEncryptedText(findTestObject("Object Repository/Buttons/Progress/Page_FakeDoor/input_Password_password"), "Lm1Albv1LteQ2KmNJoEiNQ=="): Text ****** has been set on object 'Object Repository/Buttons/Progress/Page_FakeDoor/input_Password_password'

2023-10-02 23:10:43 - [MESSAGE][PASSED] - Text ****** has been set on object 'Object Repository/Buttons/Progress/Page_FakeDoor/input_Password_password'

2023-10-02 23:10:43 - [TEST_STEP][PASSED] - click(findTestObject("Object Repository/Buttons/Progress/Page_FakeDoor/button_Login")): Object: 'Object Repository/Buttons/Progress/Page_FakeDoor/button_Login' is clicked on

2023-10-02 23:10:43 - [MESSAGE][PASSED] - Object: 'Object Repository/Buttons/Progress/Page_FakeDoor/button_Login' is clicked on

2023-10-02 23:10:43 - [TEST_STEP][PASSED] - click(findTestObject("Object Repository/Buttons/Progress/Page_FakeDoor/span_Progress")): Object: 'Object Repository/Buttons/Progress/Page_FakeDoor/span_Progress' is clicked on

2023-10-02 23:10:46 - [MESSAGE][PASSED] - Object: 'Object Repository/Buttons/Progress/Page_FakeDoor/span_Progress' is clicked on

2023-10-02 23:10:46 - [TEST_STEP][PASSED] - click(findTestObject("Object Repository/Buttons/Progress/Page_FakeDoor/span_Physics")): Object: 'Object Repository/Buttons/Progress/Page_FakeDoor/span_Physics' is clicked on

2023-10-02 23:10:47 - [MESSAGE][PASSED] - Object: 'Object Repository/Buttons/Progress/Page_FakeDoor/span_Physics' is clicked on

2023-10-02 23:10:47 - [TEST_STEP][PASSED] - click(findTestObject("Object Repository/Buttons/Progress/Page_FakeDoor/p_4.1 Energy")): Object: 'Object Repository/Buttons/Progress/Page_FakeDoor/p_4.1 Energy' is clicked on

2023-10-02 23:10:48 - [MESSAGE][PASSED] - Object: 'Object Repository/Buttons/Progress/Page_FakeDoor/p_4.1 Energy' is clicked on

2023-10-02 23:10:48 - [TEST_STEP][PASSED] - click(findTestObject("Object Repository/Buttons/Progress/Page_FakeDoor/img")): Object: 'Object Repository/Buttons/Progress/Page_FakeDoor/img' is clicked on

2023-10-02 23:10:48 - [MESSAGE][PASSED] - Object: 'Object Repository/Buttons/Progress/Page_FakeDoor/img' is clicked on

2023-10-02 23:10:48 - [TEST_STEP][PASSED] - click(findTestObject("Object Repository/Buttons/Progress/Page_FakeDoor/p_4.2 Electricity")): Object: 'Object Repository/Buttons/Progress/Page_FakeDoor/p_4.2 Electricity' is clicked on

2023-10-02 23:10:49 - [MESSAGE][PASSED] - Object: 'Object Repository/Buttons/Progress/Page_FakeDoor/p_4.2 Electricity' is clicked on

2023-10-02 23:10:49 - [TEST_STEP][PASSED] - click(findTestObject("Object Repository/Buttons/Progress/Page_FakeDoor/img")): Object: 'Object Repository/Buttons/Progress/Page_FakeDoor/img' is clicked on

2023-10-02 23:10:49 - [MESSAGE][PASSED] - Object: 'Object Repository/Buttons/Progress/Page_FakeDoor/img' is clicked on

2023-10-02 23:10:49 - [TEST_STEP][PASSED] - click(findTestObject("Object Repository/Buttons/Progress/Page_FakeDoor/p_4.3 Particle model of matter")): Object: 'Object Repository/Buttons/Progress/Page_FakeDoor/p_4.3 Particle model of matter' is clicked on

2023-10-02 23:10:50 - [MESSAGE][PASSED] - Object: 'Object Repository/Buttons/Progress/Page_FakeDoor/p_4.3 Particle model of matter' is clicked on

2023-10-02 23:10:50 - [TEST_STEP][PASSED] - click(findTestObject("Object Repository/Buttons/Progress/Page_FakeDoor/img")): Object: 'Object Repository/Buttons/Progress/Page_FakeDoor/img' is clicked on

2023-10-02 23:10:51 - [MESSAGE][PASSED] - Object: 'Object Repository/Buttons/Progress/Page_FakeDoor/img' is clicked on

2023-10-02 23:10:51 - [TEST_STEP][PASSED] - click(findTestObject("Object Repository/Buttons/Progress/Page_FakeDoor/p_4.4 Atomic Structure")): Object: 'Object Repository/Buttons/Progress/Page_FakeDoor/p_4.4 Atomic Structure' is clicked on

2023-10-02 23:10:51 - [MESSAGE][PASSED] - Object: 'Object Repository/Buttons/Progress/Page_FakeDoor/p_4.4 Atomic Structure' is clicked on

2023-10-02 23:10:51 - [TEST_STEP][PASSED] - click(findTestObject("Object Repository/Buttons/Progress/Page_FakeDoor/img")): Object: 'Object Repository/Buttons/Progress/Page_FakeDoor/img' is clicked on

2023-10-02 23:10:52 - [MESSAGE][PASSED] - Object: 'Object Repository/Buttons/Progress/Page_FakeDoor/img' is clicked on

2023-10-02 23:10:52 - [TEST_STEP][PASSED] - click(findTestObject("Object Repository/Buttons/Progress/Page_FakeDoor/p_4.5 Forces")): Object: 'Object Repository/Buttons/Progress/Page_FakeDoor/p_4.5 Forces' is clicked on

2023-10-02 23:10:52 - [MESSAGE][PASSED] - Object: 'Object Repository/Buttons/Progress/Page_FakeDoor/p_4.5 Forces' is clicked on

2023-10-02 23:10:52 - [TEST_STEP][PASSED] - click(findTestObject("Object Repository/Buttons/Progress/Page_FakeDoor/img")): Object: 'Object Repository/Buttons/Progress/Page_FakeDoor/img' is clicked on

2023-10-02 23:10:53 - [MESSAGE][PASSED] - Object: 'Object Repository/Buttons/Progress/Page_FakeDoor/img' is clicked on

2023-10-02 23:10:53 - [TEST_STEP][PASSED] - click(findTestObject("Object Repository/Buttons/Progress/Page_FakeDoor/p_4.6 Waves")): Object: 'Object Repository/Buttons/Progress/Page_FakeDoor/p_4.6 Waves' is clicked on

2023-10-02 23:10:55 - [MESSAGE][PASSED] - Object: 'Object Repository/Buttons/Progress/Page_FakeDoor/p_4.6 Waves' is clicked on

2023-10-02 23:10:55 - [TEST_STEP][PASSED] - click(findTestObject("Object Repository/Buttons/Progress/Page_FakeDoor/img")): Object: 'Object Repository/Buttons/Progress/Page_FakeDoor/img' is clicked on

2023-10-02 23:10:56 - [MESSAGE][PASSED] - Object: 'Object Repository/Buttons/Progress/Page_FakeDoor/img' is clicked on

2023-10-02 23:10:56 - [TEST_STEP][PASSED] - click(findTestObject("Object Repository/Buttons/Progress/Page_FakeDoor/p_4.7 Magnetism and electromagnetism")): Object: 'Object Repository/Buttons/Progress/Page_FakeDoor/p_4.7 Magnetism and electromagnetism' is clicked on

2023-10-02 23:10:56 - [MESSAGE][PASSED] - Object: 'Object Repository/Buttons/Progress/Page_FakeDoor/p_4.7 Magnetism and electromagnetism' is clicked on

2023-10-02 23:10:56 - [TEST_STEP][PASSED] - click(findTestObject("Object Repository/Buttons/Progress/Page_FakeDoor/img")): Object: 'Object Repository/Buttons/Progress/Page_FakeDoor/img' is clicked on

2023-10-02 23:10:57 - [MESSAGE][PASSED] - Object: 'Object Repository/Buttons/Progress/Page_FakeDoor/img' is clicked on

2023-10-02 23:10:57 - [TEST_STEP][PASSED] - click(findTestObject("Object Repository/Buttons/Progress/Page_FakeDoor/p_4.8 Space physics")): Object: 'Object Repository/Buttons/Progress/Page_FakeDoor/p_4.8 Space physics' is clicked on

2023-10-02 23:10:57 - [MESSAGE][PASSED] - Object: 'Object Repository/Buttons/Progress/Page_FakeDoor/p_4.8 Space physics' is clicked on

2023-10-02 23:10:57 - [TEST_STEP][PASSED] - click(findTestObject("Object Repository/Buttons/Progress/Page_FakeDoor/img")): Object: 'Object Repository/Buttons/Progress/Page_FakeDoor/img' is clicked on

2023-10-02 23:10:58 - [MESSAGE][PASSED] - Object: 'Object Repository/Buttons/Progress/Page_FakeDoor/img' is clicked on

2023-10-02 23:10:58 - [TEST_STEP][PASSED] - click(findTestObject("Object Repository/Buttons/Progress/Page_FakeDoor/p_4.9 Key Ideas")): Object: 'Object Repository/Buttons/Progress/Page_FakeDoor/p_4.9 Key Ideas' is clicked on

2023-10-02 23:10:59 - [MESSAGE][PASSED] - Object: 'Object Repository/Buttons/Progress/Page_FakeDoor/p_4.9 Key Ideas' is clicked on

2023-10-02 23:10:59 - [TEST_STEP][PASSED] - click(findTestObject("Object Repository/Buttons/Progress/Page_FakeDoor/img")): Object: 'Object Repository/Buttons/Progress/Page_FakeDoor/img' is clicked on

2023-10-02 23:10:59 - [MESSAGE][PASSED] - Object: 'Object Repository/Buttons/Progress/Page_FakeDoor/img' is clicked on

2023-10-02 23:10:59 - [TEST_STEP][PASSED] - click(findTestObject("Object Repository/Buttons/Progress/Page_FakeDoor/button_Week")): Object: 'Object Repository/Buttons/Progress/Page_FakeDoor/button_Week' is clicked on

2023-10-02 23:11:00 - [MESSAGE][PASSED] - Object: 'Object Repository/Buttons/Progress/Page_FakeDoor/button_Week' is clicked on

2023-10-02 23:11:00 - [TEST_STEP][PASSED] - click(findTestObject("Object Repository/Buttons/Progress/Page_FakeDoor/button_Month")): Object: 'Object Repository/Buttons/Progress/Page_FakeDoor/button_Month' is clicked on

2023-10-02 23:11:00 - [MESSAGE][PASSED] - Object: 'Object Repository/Buttons/Progress/Page_FakeDoor/button_Month' is clicked on

2023-10-02 23:11:00 - [TEST_STEP][PASSED] - closeBrowser(): Browser is closed

2023-10-02 23:11:01 - [MESSAGE][PASSED] - Browser is closed]]></system-out>
         <system-err><![CDATA[]]></system-err>
      </testcase>
      <testcase name="Test Cases/Buttons/Settings" time="12.166" classname="Test Cases/Buttons/Settings" status="PASSED">
         <system-out><![CDATA[2023-10-02 23:11:01 - [TEST_CASE][PASSED] - Test Cases/Buttons/Settings: Test Cases/Buttons/Settings

2023-10-02 23:11:01 - [TEST_STEP][PASSED] - openBrowser(""): Browser is opened with url: ''

2023-10-02 23:11:01 - [MESSAGE][INFO] - Starting 'Chrome' driver

2023-10-02 23:11:01 - [MESSAGE][INFO] - Action delay is set to 0 milliseconds

2023-10-02 23:11:02 - [MESSAGE][PASSED] - Browser is opened with url: ''

2023-10-02 23:11:02 - [TEST_STEP][PASSED] - navigateToUrl("https://delightful-stone-07bb55f0f.3.azurestaticapps.net/"): Navigate to 'https://delightful-stone-07bb55f0f.3.azurestaticapps.net/' successfully

2023-10-02 23:11:03 - [MESSAGE][PASSED] - Navigate to 'https://delightful-stone-07bb55f0f.3.azurestaticapps.net/' successfully

2023-10-02 23:11:03 - [TEST_STEP][PASSED] - maximizeWindow(): Current window maximized

2023-10-02 23:11:03 - [MESSAGE][PASSED] - Current window maximized

2023-10-02 23:11:03 - [TEST_STEP][PASSED] - click(findTestObject("Object Repository/Buttons/Settings/Page_FakeDoor/button_Sign In")): Object: 'Object Repository/Buttons/Settings/Page_FakeDoor/button_Sign In' is clicked on

2023-10-02 23:11:04 - [MESSAGE][PASSED] - Object: 'Object Repository/Buttons/Settings/Page_FakeDoor/button_Sign In' is clicked on

2023-10-02 23:11:04 - [TEST_STEP][PASSED] - setText(findTestObject("Object Repository/Buttons/Settings/Page_FakeDoor/input_User Name_username"), "admin2"): Text 'admin2' is set on object 'Object Repository/Buttons/Settings/Page_FakeDoor/input_User Name_username'

2023-10-02 23:11:05 - [MESSAGE][PASSED] - Text 'admin2' is set on object 'Object Repository/Buttons/Settings/Page_FakeDoor/input_User Name_username'

2023-10-02 23:11:05 - [TEST_STEP][PASSED] - setEncryptedText(findTestObject("Object Repository/Buttons/Settings/Page_FakeDoor/input_Password_password"), "Lm1Albv1LteQ2KmNJoEiNQ=="): Text ****** has been set on object 'Object Repository/Buttons/Settings/Page_FakeDoor/input_Password_password'

2023-10-02 23:11:05 - [MESSAGE][PASSED] - Text ****** has been set on object 'Object Repository/Buttons/Settings/Page_FakeDoor/input_Password_password'

2023-10-02 23:11:05 - [TEST_STEP][PASSED] - click(findTestObject("Object Repository/Buttons/Settings/Page_FakeDoor/button_Login")): Object: 'Object Repository/Buttons/Settings/Page_FakeDoor/button_Login' is clicked on

2023-10-02 23:11:06 - [MESSAGE][PASSED] - Object: 'Object Repository/Buttons/Settings/Page_FakeDoor/button_Login' is clicked on

2023-10-02 23:11:06 - [TEST_STEP][PASSED] - click(findTestObject("Object Repository/Buttons/Settings/Page_FakeDoor/span_Settings")): Object: 'Object Repository/Buttons/Settings/Page_FakeDoor/span_Settings' is clicked on

2023-10-02 23:11:08 - [MESSAGE][PASSED] - Object: 'Object Repository/Buttons/Settings/Page_FakeDoor/span_Settings' is clicked on

2023-10-02 23:11:08 - [TEST_STEP][PASSED] - click(findTestObject("Object Repository/Buttons/Settings/Page_FakeDoor/button_Password")): Object: 'Object Repository/Buttons/Settings/Page_FakeDoor/button_Password' is clicked on

2023-10-02 23:11:09 - [MESSAGE][PASSED] - Object: 'Object Repository/Buttons/Settings/Page_FakeDoor/button_Password' is clicked on

2023-10-02 23:11:09 - [TEST_STEP][PASSED] - click(findTestObject("Object Repository/Buttons/Settings/Page_FakeDoor/button_Account")): Object: 'Object Repository/Buttons/Settings/Page_FakeDoor/button_Account' is clicked on

2023-10-02 23:11:10 - [MESSAGE][PASSED] - Object: 'Object Repository/Buttons/Settings/Page_FakeDoor/button_Account' is clicked on

2023-10-02 23:11:10 - [TEST_STEP][PASSED] - click(findTestObject("Object Repository/Buttons/Settings/Page_FakeDoor/input_Name_name")): Object: 'Object Repository/Buttons/Settings/Page_FakeDoor/input_Name_name' is clicked on

2023-10-02 23:11:10 - [MESSAGE][PASSED] - Object: 'Object Repository/Buttons/Settings/Page_FakeDoor/input_Name_name' is clicked on

2023-10-02 23:11:10 - [TEST_STEP][PASSED] - click(findTestObject("Object Repository/Buttons/Settings/Page_FakeDoor/button_Password")): Object: 'Object Repository/Buttons/Settings/Page_FakeDoor/button_Password' is clicked on

2023-10-02 23:11:11 - [MESSAGE][PASSED] - Object: 'Object Repository/Buttons/Settings/Page_FakeDoor/button_Password' is clicked on

2023-10-02 23:11:11 - [TEST_STEP][PASSED] - click(findTestObject("Object Repository/Buttons/Settings/Page_FakeDoor/div_Current PasswordCurrent PasswordNew Pas_fe54c8")): Object: 'Object Repository/Buttons/Settings/Page_FakeDoor/div_Current PasswordCurrent PasswordNew Pas_fe54c8' is clicked on

2023-10-02 23:11:11 - [MESSAGE][PASSED] - Object: 'Object Repository/Buttons/Settings/Page_FakeDoor/div_Current PasswordCurrent PasswordNew Pas_fe54c8' is clicked on

2023-10-02 23:11:11 - [TEST_STEP][PASSED] - click(findTestObject("Object Repository/Buttons/Settings/Page_FakeDoor/button_Overview_MuiButtonBase-root MuiIconB_eec332")): Object: 'Object Repository/Buttons/Settings/Page_FakeDoor/button_Overview_MuiButtonBase-root MuiIconB_eec332' is clicked on

2023-10-02 23:11:12 - [MESSAGE][PASSED] - Object: 'Object Repository/Buttons/Settings/Page_FakeDoor/button_Overview_MuiButtonBase-root MuiIconB_eec332' is clicked on

2023-10-02 23:11:12 - [TEST_STEP][PASSED] - click(findTestObject("Object Repository/Buttons/Settings/Page_FakeDoor/span_Logout")): Object: 'Object Repository/Buttons/Settings/Page_FakeDoor/span_Logout' is clicked on

2023-10-02 23:11:12 - [MESSAGE][PASSED] - Object: 'Object Repository/Buttons/Settings/Page_FakeDoor/span_Logout' is clicked on

2023-10-02 23:11:12 - [TEST_STEP][PASSED] - closeBrowser(): Browser is closed

2023-10-02 23:11:13 - [MESSAGE][PASSED] - Browser is closed]]></system-out>
         <system-err><![CDATA[]]></system-err>
      </testcase>
      <testcase name="Test Cases/Buttons/Tests" time="15.402" classname="Test Cases/Buttons/Tests" status="PASSED">
         <system-out><![CDATA[2023-10-02 23:11:13 - [TEST_CASE][PASSED] - Test Cases/Buttons/Tests: Test Cases/Buttons/Tests

2023-10-02 23:11:13 - [TEST_STEP][PASSED] - openBrowser(""): Browser is opened with url: ''

2023-10-02 23:11:13 - [MESSAGE][INFO] - Starting 'Chrome' driver

2023-10-02 23:11:13 - [MESSAGE][INFO] - Action delay is set to 0 milliseconds

2023-10-02 23:11:14 - [MESSAGE][PASSED] - Browser is opened with url: ''

2023-10-02 23:11:14 - [TEST_STEP][PASSED] - navigateToUrl("https://delightful-stone-07bb55f0f.3.azurestaticapps.net/"): Navigate to 'https://delightful-stone-07bb55f0f.3.azurestaticapps.net/' successfully

2023-10-02 23:11:15 - [MESSAGE][PASSED] - Navigate to 'https://delightful-stone-07bb55f0f.3.azurestaticapps.net/' successfully

2023-10-02 23:11:15 - [TEST_STEP][PASSED] - maximizeWindow(): Current window maximized

2023-10-02 23:11:15 - [MESSAGE][PASSED] - Current window maximized

2023-10-02 23:11:15 - [TEST_STEP][PASSED] - click(findTestObject("Object Repository/Buttons/Tests/Page_FakeDoor/button_Sign In")): Object: 'Object Repository/Buttons/Tests/Page_FakeDoor/button_Sign In' is clicked on

2023-10-02 23:11:16 - [MESSAGE][PASSED] - Object: 'Object Repository/Buttons/Tests/Page_FakeDoor/button_Sign In' is clicked on

2023-10-02 23:11:16 - [TEST_STEP][PASSED] - setText(findTestObject("Object Repository/Buttons/Tests/Page_FakeDoor/input_User Name_username"), "admin2"): Text 'admin2' is set on object 'Object Repository/Buttons/Tests/Page_FakeDoor/input_User Name_username'

2023-10-02 23:11:17 - [MESSAGE][PASSED] - Text 'admin2' is set on object 'Object Repository/Buttons/Tests/Page_FakeDoor/input_User Name_username'

2023-10-02 23:11:17 - [TEST_STEP][PASSED] - setEncryptedText(findTestObject("Object Repository/Buttons/Tests/Page_FakeDoor/input_Password_password"), "Lm1Albv1LteQ2KmNJoEiNQ=="): Text ****** has been set on object 'Object Repository/Buttons/Tests/Page_FakeDoor/input_Password_password'

2023-10-02 23:11:18 - [MESSAGE][PASSED] - Text ****** has been set on object 'Object Repository/Buttons/Tests/Page_FakeDoor/input_Password_password'

2023-10-02 23:11:18 - [TEST_STEP][PASSED] - click(findTestObject("Object Repository/Buttons/Tests/Page_FakeDoor/button_Login")): Object: 'Object Repository/Buttons/Tests/Page_FakeDoor/button_Login' is clicked on

2023-10-02 23:11:18 - [MESSAGE][PASSED] - Object: 'Object Repository/Buttons/Tests/Page_FakeDoor/button_Login' is clicked on

2023-10-02 23:11:18 - [TEST_STEP][PASSED] - click(findTestObject("Object Repository/Buttons/Tests/Page_FakeDoor/span_Tests")): Object: 'Object Repository/Buttons/Tests/Page_FakeDoor/span_Tests' is clicked on

2023-10-02 23:11:20 - [MESSAGE][PASSED] - Object: 'Object Repository/Buttons/Tests/Page_FakeDoor/span_Tests' is clicked on

2023-10-02 23:11:20 - [TEST_STEP][PASSED] - click(findTestObject("Object Repository/Buttons/Tests/Page_FakeDoor/span_Physics")): Object: 'Object Repository/Buttons/Tests/Page_FakeDoor/span_Physics' is clicked on

2023-10-02 23:11:21 - [MESSAGE][PASSED] - Object: 'Object Repository/Buttons/Tests/Page_FakeDoor/span_Physics' is clicked on

2023-10-02 23:11:21 - [TEST_STEP][PASSED] - click(findTestObject("Object Repository/Buttons/Tests/Page_FakeDoor/input_Settings_multipleChoice")): Object: 'Object Repository/Buttons/Tests/Page_FakeDoor/input_Settings_multipleChoice' is clicked on

2023-10-02 23:11:22 - [MESSAGE][PASSED] - Object: 'Object Repository/Buttons/Tests/Page_FakeDoor/input_Settings_multipleChoice' is clicked on

2023-10-02 23:11:22 - [TEST_STEP][PASSED] - click(findTestObject("Object Repository/Buttons/Tests/Page_FakeDoor/input_Settings_multipleChoice")): Object: 'Object Repository/Buttons/Tests/Page_FakeDoor/input_Settings_multipleChoice' is clicked on

2023-10-02 23:11:22 - [MESSAGE][PASSED] - Object: 'Object Repository/Buttons/Tests/Page_FakeDoor/input_Settings_multipleChoice' is clicked on

2023-10-02 23:11:22 - [TEST_STEP][PASSED] - click(findTestObject("Object Repository/Buttons/Tests/Page_FakeDoor/input_Settings_longAnswer")): Object: 'Object Repository/Buttons/Tests/Page_FakeDoor/input_Settings_longAnswer' is clicked on

2023-10-02 23:11:23 - [MESSAGE][PASSED] - Object: 'Object Repository/Buttons/Tests/Page_FakeDoor/input_Settings_longAnswer' is clicked on

2023-10-02 23:11:23 - [TEST_STEP][PASSED] - click(findTestObject("Object Repository/Buttons/Tests/Page_FakeDoor/input_Settings_longAnswer")): Object: 'Object Repository/Buttons/Tests/Page_FakeDoor/input_Settings_longAnswer' is clicked on

2023-10-02 23:11:23 - [MESSAGE][PASSED] - Object: 'Object Repository/Buttons/Tests/Page_FakeDoor/input_Settings_longAnswer' is clicked on

2023-10-02 23:11:23 - [TEST_STEP][PASSED] - click(findTestObject("Object Repository/Buttons/Tests/Page_FakeDoor/img")): Object: 'Object Repository/Buttons/Tests/Page_FakeDoor/img' is clicked on

2023-10-02 23:11:24 - [MESSAGE][PASSED] - Object: 'Object Repository/Buttons/Tests/Page_FakeDoor/img' is clicked on

2023-10-02 23:11:24 - [TEST_STEP][PASSED] - click(findTestObject("Object Repository/Buttons/Tests/Page_FakeDoor/img")): Object: 'Object Repository/Buttons/Tests/Page_FakeDoor/img' is clicked on

2023-10-02 23:11:24 - [MESSAGE][PASSED] - Object: 'Object Repository/Buttons/Tests/Page_FakeDoor/img' is clicked on

2023-10-02 23:11:24 - [TEST_STEP][PASSED] - click(findTestObject("Object Repository/Buttons/Tests/Page_FakeDoor/img")): Object: 'Object Repository/Buttons/Tests/Page_FakeDoor/img' is clicked on

2023-10-02 23:11:25 - [MESSAGE][PASSED] - Object: 'Object Repository/Buttons/Tests/Page_FakeDoor/img' is clicked on

2023-10-02 23:11:25 - [TEST_STEP][PASSED] - click(findTestObject("Object Repository/Buttons/Tests/Page_FakeDoor/img_1")): Object: 'Object Repository/Buttons/Tests/Page_FakeDoor/img_1' is clicked on

2023-10-02 23:11:26 - [MESSAGE][PASSED] - Object: 'Object Repository/Buttons/Tests/Page_FakeDoor/img_1' is clicked on

2023-10-02 23:11:26 - [TEST_STEP][PASSED] - click(findTestObject("Object Repository/Buttons/Tests/Page_FakeDoor/img_1")): Object: 'Object Repository/Buttons/Tests/Page_FakeDoor/img_1' is clicked on

2023-10-02 23:11:26 - [MESSAGE][PASSED] - Object: 'Object Repository/Buttons/Tests/Page_FakeDoor/img_1' is clicked on

2023-10-02 23:11:26 - [TEST_STEP][PASSED] - click(findTestObject("Object Repository/Buttons/Tests/Page_FakeDoor/img_1")): Object: 'Object Repository/Buttons/Tests/Page_FakeDoor/img_1' is clicked on

2023-10-02 23:11:27 - [MESSAGE][PASSED] - Object: 'Object Repository/Buttons/Tests/Page_FakeDoor/img_1' is clicked on

2023-10-02 23:11:27 - [TEST_STEP][PASSED] - click(findTestObject("Object Repository/Buttons/Tests/Page_FakeDoor/button_Overview_MuiButtonBase-root MuiIconB_eec332")): Object: 'Object Repository/Buttons/Tests/Page_FakeDoor/button_Overview_MuiButtonBase-root MuiIconB_eec332' is clicked on

2023-10-02 23:11:27 - [MESSAGE][PASSED] - Object: 'Object Repository/Buttons/Tests/Page_FakeDoor/button_Overview_MuiButtonBase-root MuiIconB_eec332' is clicked on

2023-10-02 23:11:27 - [TEST_STEP][PASSED] - click(findTestObject("Object Repository/Buttons/Tests/Page_FakeDoor/span_Logout")): Object: 'Object Repository/Buttons/Tests/Page_FakeDoor/span_Logout' is clicked on

2023-10-02 23:11:28 - [MESSAGE][PASSED] - Object: 'Object Repository/Buttons/Tests/Page_FakeDoor/span_Logout' is clicked on

2023-10-02 23:11:28 - [TEST_STEP][PASSED] - closeBrowser(): Browser is closed

2023-10-02 23:11:28 - [MESSAGE][PASSED] - Browser is closed]]></system-out>
         <system-err><![CDATA[]]></system-err>
      </testcase>
      <system-out><![CDATA[2023-10-02 23:09:14 - [TEST_SUITE][PASSED] - Buttons: Test Cases/Buttons/Tests]]></system-out>
      <system-err><![CDATA[]]></system-err>
   </testsuite>
</testsuites>
