<?xml version="1.0" encoding="UTF-8"?>
<testsuites name="Login" time="56.189" tests="2" failures="0" errors="0">
   <testsuite name="Login" tests="2" failures="0" errors="0" time="56.189" skipped="0" timestamp="2023-09-21 16:49:57" hostname="faked - Fakedoor" id="Test Suites/Login">
      <properties>
         <property name="deviceName" value=""/>
         <property name="devicePlatform" value=""/>
         <property name="logFolder" value="D:\\Katalon Studio\\UI-tests\\Reports\\20230921_164151\\Login\\20230921_164156"/>
         <property name="logFiles" value="D:\\Katalon Studio\\UI-tests\\Reports\\20230921_164151\\Login\\20230921_164156\\execution0.log"/>
         <property name="attachments" value=""/>
         <property name="hostName" value="faked - Fakedoor"/>
         <property name="os" value="Windows 11 64bit"/>
         <property name="katalonVersion" value="8.6.8.208"/>
         <property name="browser" value="Chrome 117.0.0.0"/>
         <property name="hostAddress" value="10.6.2.167"/>
         <property name="sessionId" value="736129a94e97e14c3ce9d91e86906cdf"/>
         <property name="seleniumVersion" value="3.141.59"/>
         <property name="proxyInformation" value="ProxyInformation { proxyOption=NO_PROXY, proxyServerType=HTTP, username=, password=********, proxyServerAddress=, proxyServerPort=0, executionList=&quot;&quot;, isApplyToDesiredCapabilities=true }"/>
         <property name="platform" value="Windows 11"/>
      </properties>
      <testcase name="Test Cases/Login-Signout/Login-Logout" time="28.036" classname="Test Cases/Login-Signout/Login-Logout" status="PASSED">
         <system-out><![CDATA[2023-09-21 16:49:57 - [TEST_CASE][PASSED] - Test Cases/Login-Signout/Login-Logout: Test Cases/Login-Signout/Login-Logout

2023-09-21 16:49:57 - [TEST_STEP][PASSED] - openBrowser(""): Browser is opened with url: ''

2023-09-21 16:49:57 - [MESSAGE][INFO] - Starting 'Chrome' driver

2023-09-21 16:49:57 - [MESSAGE][INFO] - Action delay is set to 2,000 milliseconds

2023-09-21 16:49:59 - [MESSAGE][PASSED] - Browser is opened with url: ''

2023-09-21 16:49:59 - [TEST_STEP][PASSED] - navigateToUrl("https://delightful-stone-07bb55f0f.3.azurestaticapps.net/"): Navigate to 'https://delightful-stone-07bb55f0f.3.azurestaticapps.net/' successfully

2023-09-21 16:50:02 - [MESSAGE][PASSED] - Navigate to 'https://delightful-stone-07bb55f0f.3.azurestaticapps.net/' successfully

2023-09-21 16:50:02 - [TEST_STEP][PASSED] - maximizeWindow(): Current window maximized

2023-09-21 16:50:02 - [MESSAGE][PASSED] - Current window maximized

2023-09-21 16:50:02 - [TEST_STEP][PASSED] - click(findTestObject("Object Repository/Login/Page_FakeDoor/button_Sign In")): Object: 'Object Repository/Login/Page_FakeDoor/button_Sign In' is clicked on

2023-09-21 16:50:04 - [MESSAGE][PASSED] - Object: 'Object Repository/Login/Page_FakeDoor/button_Sign In' is clicked on

2023-09-21 16:50:04 - [TEST_STEP][PASSED] - setText(findTestObject("Object Repository/Login/Page_FakeDoor/input_User Name_username"), "admin2"): Text 'admin2' is set on object 'Object Repository/Login/Page_FakeDoor/input_User Name_username'

2023-09-21 16:50:10 - [MESSAGE][PASSED] - Text 'admin2' is set on object 'Object Repository/Login/Page_FakeDoor/input_User Name_username'

2023-09-21 16:50:10 - [TEST_STEP][PASSED] - setEncryptedText(findTestObject("Object Repository/Login/Page_FakeDoor/input_Password_password"), "Lm1Albv1LteQ2KmNJoEiNQ=="): Text ****** has been set on object 'Object Repository/Login/Page_FakeDoor/input_Password_password'

2023-09-21 16:50:15 - [MESSAGE][PASSED] - Text ****** has been set on object 'Object Repository/Login/Page_FakeDoor/input_Password_password'

2023-09-21 16:50:15 - [TEST_STEP][PASSED] - click(findTestObject("Object Repository/Login/Page_FakeDoor/button_Login")): Object: 'Object Repository/Login/Page_FakeDoor/button_Login' is clicked on

2023-09-21 16:50:17 - [MESSAGE][PASSED] - Object: 'Object Repository/Login/Page_FakeDoor/button_Login' is clicked on

2023-09-21 16:50:17 - [TEST_STEP][PASSED] - click(findTestObject("Object Repository/Login/Page_FakeDoor/button_Overview_MuiButtonBase-root MuiIconB_eec332")): Object: 'Object Repository/Login/Page_FakeDoor/button_Overview_MuiButtonBase-root MuiIconB_eec332' is clicked on

2023-09-21 16:50:22 - [MESSAGE][PASSED] - Object: 'Object Repository/Login/Page_FakeDoor/button_Overview_MuiButtonBase-root MuiIconB_eec332' is clicked on

2023-09-21 16:50:22 - [TEST_STEP][PASSED] - click(findTestObject("Object Repository/Login/Page_FakeDoor/span_Logout")): Object: 'Object Repository/Login/Page_FakeDoor/span_Logout' is clicked on

2023-09-21 16:50:24 - [MESSAGE][PASSED] - Object: 'Object Repository/Login/Page_FakeDoor/span_Logout' is clicked on

2023-09-21 16:50:24 - [TEST_STEP][PASSED] - closeBrowser(): Browser is closed

2023-09-21 16:50:25 - [MESSAGE][PASSED] - Browser is closed]]></system-out>
         <system-err><![CDATA[]]></system-err>
      </testcase>
      <testcase name="Test Cases/Login-Signout/Signin-Signout" time="28.028" classname="Test Cases/Login-Signout/Signin-Signout" status="PASSED">
         <system-out><![CDATA[2023-09-21 16:50:25 - [TEST_CASE][PASSED] - Test Cases/Login-Signout/Signin-Signout: Test Cases/Login-Signout/Signin-Signout

2023-09-21 16:50:25 - [TEST_STEP][PASSED] - openBrowser(""): Browser is opened with url: ''

2023-09-21 16:50:25 - [MESSAGE][INFO] - Starting 'Chrome' driver

2023-09-21 16:50:25 - [MESSAGE][INFO] - Action delay is set to 2,000 milliseconds

2023-09-21 16:50:27 - [MESSAGE][PASSED] - Browser is opened with url: ''

2023-09-21 16:50:27 - [TEST_STEP][PASSED] - navigateToUrl("https://delightful-stone-07bb55f0f.3.azurestaticapps.net/"): Navigate to 'https://delightful-stone-07bb55f0f.3.azurestaticapps.net/' successfully

2023-09-21 16:50:29 - [MESSAGE][PASSED] - Navigate to 'https://delightful-stone-07bb55f0f.3.azurestaticapps.net/' successfully

2023-09-21 16:50:29 - [TEST_STEP][PASSED] - maximizeWindow(): Current window maximized

2023-09-21 16:50:29 - [MESSAGE][PASSED] - Current window maximized

2023-09-21 16:50:29 - [TEST_STEP][PASSED] - click(findTestObject("Object Repository/Signin/Page_FakeDoor/button_Sign In")): Object: 'Object Repository/Signin/Page_FakeDoor/button_Sign In' is clicked on

2023-09-21 16:50:32 - [MESSAGE][PASSED] - Object: 'Object Repository/Signin/Page_FakeDoor/button_Sign In' is clicked on

2023-09-21 16:50:32 - [TEST_STEP][PASSED] - setText(findTestObject("Object Repository/Signin/Page_FakeDoor/input_User Name_username"), "admin2"): Text 'admin2' is set on object 'Object Repository/Signin/Page_FakeDoor/input_User Name_username'

2023-09-21 16:50:37 - [MESSAGE][PASSED] - Text 'admin2' is set on object 'Object Repository/Signin/Page_FakeDoor/input_User Name_username'

2023-09-21 16:50:37 - [TEST_STEP][PASSED] - setEncryptedText(findTestObject("Object Repository/Signin/Page_FakeDoor/input_Password_password"), "Lm1Albv1LteQ2KmNJoEiNQ=="): Text ****** has been set on object 'Object Repository/Signin/Page_FakeDoor/input_Password_password'

2023-09-21 16:50:42 - [MESSAGE][PASSED] - Text ****** has been set on object 'Object Repository/Signin/Page_FakeDoor/input_Password_password'

2023-09-21 16:50:42 - [TEST_STEP][PASSED] - click(findTestObject("Object Repository/Signin/Page_FakeDoor/button_Login")): Object: 'Object Repository/Signin/Page_FakeDoor/button_Login' is clicked on

2023-09-21 16:50:44 - [MESSAGE][PASSED] - Object: 'Object Repository/Signin/Page_FakeDoor/button_Login' is clicked on

2023-09-21 16:50:44 - [TEST_STEP][PASSED] - click(findTestObject("Object Repository/Signin/Page_FakeDoor/img")): Object: 'Object Repository/Signin/Page_FakeDoor/img' is clicked on

2023-09-21 16:50:50 - [MESSAGE][PASSED] - Object: 'Object Repository/Signin/Page_FakeDoor/img' is clicked on

2023-09-21 16:50:50 - [TEST_STEP][PASSED] - click(findTestObject("Object Repository/Signin/Page_FakeDoor/button_Sign Out")): Object: 'Object Repository/Signin/Page_FakeDoor/button_Sign Out' is clicked on

2023-09-21 16:50:52 - [MESSAGE][PASSED] - Object: 'Object Repository/Signin/Page_FakeDoor/button_Sign Out' is clicked on

2023-09-21 16:50:52 - [TEST_STEP][PASSED] - closeBrowser(): Browser is closed

2023-09-21 16:50:53 - [MESSAGE][PASSED] - Browser is closed]]></system-out>
         <system-err><![CDATA[]]></system-err>
      </testcase>
      <system-out><![CDATA[2023-09-21 16:49:57 - [TEST_SUITE][PASSED] - Login: Test Cases/Login-Signout/Signin-Signout]]></system-out>
      <system-err><![CDATA[]]></system-err>
   </testsuite>
</testsuites>
