<?xml version="1.0" encoding="UTF-8"?>
<testsuites name="Left Panel Button" time="49.51" tests="1" failures="0" errors="0">
   <testsuite name="Left Panel Button" tests="1" failures="0" errors="0" time="49.51" skipped="0" timestamp="2023-09-21 10:04:03" hostname="faked - Fakedoor" id="Test Suites/Left Panel Button">
      <properties>
         <property name="deviceName" value=""/>
         <property name="devicePlatform" value=""/>
         <property name="logFolder" value="D:\\Katalon Studio\\UI-tests\\Reports\\20230921_100400\\Left Panel Button\\20230921_100401"/>
         <property name="logFiles" value="D:\\Katalon Studio\\UI-tests\\Reports\\20230921_100400\\Left Panel Button\\20230921_100401\\execution0.log"/>
         <property name="attachments" value=""/>
         <property name="hostName" value="faked - Fakedoor"/>
         <property name="os" value="Windows 11 64bit"/>
         <property name="katalonVersion" value="8.6.8.208"/>
         <property name="browser" value="Chrome 117.0.0.0"/>
         <property name="hostAddress" value="10.6.2.181"/>
         <property name="sessionId" value="5df2b96d77d136a514facee7c385fff7"/>
         <property name="seleniumVersion" value="3.141.59"/>
         <property name="proxyInformation" value="ProxyInformation { proxyOption=NO_PROXY, proxyServerType=HTTP, username=, password=********, proxyServerAddress=, proxyServerPort=0, executionList=&quot;&quot;, isApplyToDesiredCapabilities=true }"/>
         <property name="platform" value="Windows 11"/>
      </properties>
      <testcase name="Test Cases/Left Panel Buttons/Left Panel Buttons" time="49.345" classname="Test Cases/Left Panel Buttons/Left Panel Buttons" status="PASSED">
         <system-out><![CDATA[2023-09-21 10:04:03 - [TEST_CASE][PASSED] - Test Cases/Left Panel Buttons/Left Panel Buttons: Test Cases/Left Panel Buttons/Left Panel Buttons

2023-09-21 10:04:03 - [TEST_STEP][PASSED] - openBrowser(""): Browser is opened with url: ''

2023-09-21 10:04:03 - [MESSAGE][INFO] - Starting 'Chrome' driver

2023-09-21 10:04:03 - [MESSAGE][INFO] - Action delay is set to 2,000 milliseconds

2023-09-21 10:04:05 - [MESSAGE][PASSED] - Browser is opened with url: ''

2023-09-21 10:04:05 - [TEST_STEP][PASSED] - navigateToUrl("https://delightful-stone-07bb55f0f.3.azurestaticapps.net/"): Navigate to 'https://delightful-stone-07bb55f0f.3.azurestaticapps.net/' successfully

2023-09-21 10:04:08 - [MESSAGE][PASSED] - Navigate to 'https://delightful-stone-07bb55f0f.3.azurestaticapps.net/' successfully

2023-09-21 10:04:08 - [TEST_STEP][PASSED] - maximizeWindow(): Current window maximized

2023-09-21 10:04:08 - [MESSAGE][PASSED] - Current window maximized

2023-09-21 10:04:08 - [TEST_STEP][PASSED] - click(findTestObject("Object Repository/Left Panel Buttons/Page_FakeDoor/button_Sign In")): Object: 'Object Repository/Left Panel Buttons/Page_FakeDoor/button_Sign In' is clicked on

2023-09-21 10:04:11 - [MESSAGE][PASSED] - Object: 'Object Repository/Left Panel Buttons/Page_FakeDoor/button_Sign In' is clicked on

2023-09-21 10:04:11 - [TEST_STEP][PASSED] - setText(findTestObject("Object Repository/Left Panel Buttons/Page_FakeDoor/input_User Name_username"), "admin2"): Text 'admin2' is set on object 'Object Repository/Left Panel Buttons/Page_FakeDoor/input_User Name_username'

2023-09-21 10:04:17 - [MESSAGE][PASSED] - Text 'admin2' is set on object 'Object Repository/Left Panel Buttons/Page_FakeDoor/input_User Name_username'

2023-09-21 10:04:17 - [TEST_STEP][PASSED] - setEncryptedText(findTestObject("Object Repository/Left Panel Buttons/Page_FakeDoor/input_Password_password"), "Lm1Albv1LteQ2KmNJoEiNQ=="): Text ****** has been set on object 'Object Repository/Left Panel Buttons/Page_FakeDoor/input_Password_password'

2023-09-21 10:04:21 - [MESSAGE][PASSED] - Text ****** has been set on object 'Object Repository/Left Panel Buttons/Page_FakeDoor/input_Password_password'

2023-09-21 10:04:21 - [TEST_STEP][PASSED] - click(findTestObject("Object Repository/Left Panel Buttons/Page_FakeDoor/button_Login")): Object: 'Object Repository/Left Panel Buttons/Page_FakeDoor/button_Login' is clicked on

2023-09-21 10:04:24 - [MESSAGE][PASSED] - Object: 'Object Repository/Left Panel Buttons/Page_FakeDoor/button_Login' is clicked on

2023-09-21 10:04:24 - [TEST_STEP][PASSED] - click(findTestObject("Object Repository/Left Panel Buttons/Page_FakeDoor/span_Overview")): Object: 'Object Repository/Left Panel Buttons/Page_FakeDoor/span_Overview' is clicked on

2023-09-21 10:04:29 - [MESSAGE][PASSED] - Object: 'Object Repository/Left Panel Buttons/Page_FakeDoor/span_Overview' is clicked on

2023-09-21 10:04:29 - [TEST_STEP][PASSED] - click(findTestObject("Object Repository/Left Panel Buttons/Page_FakeDoor/span_Profile")): Object: 'Object Repository/Left Panel Buttons/Page_FakeDoor/span_Profile' is clicked on

2023-09-21 10:04:32 - [MESSAGE][PASSED] - Object: 'Object Repository/Left Panel Buttons/Page_FakeDoor/span_Profile' is clicked on

2023-09-21 10:04:32 - [TEST_STEP][PASSED] - click(findTestObject("Object Repository/Left Panel Buttons/Page_FakeDoor/span_Progress")): Object: 'Object Repository/Left Panel Buttons/Page_FakeDoor/span_Progress' is clicked on

2023-09-21 10:04:35 - [MESSAGE][PASSED] - Object: 'Object Repository/Left Panel Buttons/Page_FakeDoor/span_Progress' is clicked on

2023-09-21 10:04:35 - [TEST_STEP][PASSED] - click(findTestObject("Object Repository/Left Panel Buttons/Page_FakeDoor/span_Physics")): Object: 'Object Repository/Left Panel Buttons/Page_FakeDoor/span_Physics' is clicked on

2023-09-21 10:04:37 - [MESSAGE][PASSED] - Object: 'Object Repository/Left Panel Buttons/Page_FakeDoor/span_Physics' is clicked on

2023-09-21 10:04:37 - [TEST_STEP][PASSED] - click(findTestObject("Object Repository/Left Panel Buttons/Page_FakeDoor/span_Tests")): Object: 'Object Repository/Left Panel Buttons/Page_FakeDoor/span_Tests' is clicked on

2023-09-21 10:04:41 - [MESSAGE][PASSED] - Object: 'Object Repository/Left Panel Buttons/Page_FakeDoor/span_Tests' is clicked on

2023-09-21 10:04:41 - [TEST_STEP][PASSED] - click(findTestObject("Object Repository/Left Panel Buttons/Page_FakeDoor/span_Physics")): Object: 'Object Repository/Left Panel Buttons/Page_FakeDoor/span_Physics' is clicked on

2023-09-21 10:04:43 - [MESSAGE][PASSED] - Object: 'Object Repository/Left Panel Buttons/Page_FakeDoor/span_Physics' is clicked on

2023-09-21 10:04:43 - [TEST_STEP][PASSED] - click(findTestObject("Object Repository/Left Panel Buttons/Page_FakeDoor/span_Settings")): Object: 'Object Repository/Left Panel Buttons/Page_FakeDoor/span_Settings' is clicked on

2023-09-21 10:04:46 - [MESSAGE][PASSED] - Object: 'Object Repository/Left Panel Buttons/Page_FakeDoor/span_Settings' is clicked on

2023-09-21 10:04:46 - [TEST_STEP][PASSED] - click(findTestObject("Object Repository/Left Panel Buttons/Page_FakeDoor/button_Overview_MuiButtonBase-root MuiIconB_eec332")): Object: 'Object Repository/Left Panel Buttons/Page_FakeDoor/button_Overview_MuiButtonBase-root MuiIconB_eec332' is clicked on

2023-09-21 10:04:49 - [MESSAGE][PASSED] - Object: 'Object Repository/Left Panel Buttons/Page_FakeDoor/button_Overview_MuiButtonBase-root MuiIconB_eec332' is clicked on

2023-09-21 10:04:49 - [TEST_STEP][PASSED] - click(findTestObject("Object Repository/Left Panel Buttons/Page_FakeDoor/span_Logout")): Object: 'Object Repository/Left Panel Buttons/Page_FakeDoor/span_Logout' is clicked on

2023-09-21 10:04:51 - [MESSAGE][PASSED] - Object: 'Object Repository/Left Panel Buttons/Page_FakeDoor/span_Logout' is clicked on

2023-09-21 10:04:51 - [TEST_STEP][PASSED] - closeBrowser(): Browser is closed

2023-09-21 10:04:52 - [MESSAGE][PASSED] - Browser is closed]]></system-out>
         <system-err><![CDATA[]]></system-err>
      </testcase>
      <system-out><![CDATA[2023-09-21 10:04:03 - [TEST_SUITE][PASSED] - Left Panel Button: Test Cases/Left Panel Buttons/Left Panel Buttons]]></system-out>
      <system-err><![CDATA[]]></system-err>
   </testsuite>
</testsuites>
